<?xml version="1.0" encoding="UTF-8"?>
<testrun name="bp4 - Debug - Verifier Test" project="com.mentor.nucleus.bp.debug.ui.test" tests="92" started="92" failures="3" errors="0" ignored="0">
  <testsuite name="VerifierTestSuite" time="704.722">
    <testsuite name="com.mentor.nucleus.bp.debug.test.VerifierTestSuiteI" time="0.195">
      <testcase name="testVerifierTestSuite1" classname="com.mentor.nucleus.bp.debug.test.VerifierTestSuiteI" time="0.195"/>
    </testsuite>
    <testsuite name="com.mentor.nucleus.bp.debug.ui.test.realizedClasses.VerifierStaticVariablesInRealizedClassesTest" time="33.597">
      <testcase name="testSingleProjectDualLocalComponents" classname="com.mentor.nucleus.bp.debug.ui.test.realizedClasses.VerifierStaticVariablesInRealizedClassesTest" time="23.769"/>
      <testcase name="testSingleProjectComponentAndReference" classname="com.mentor.nucleus.bp.debug.ui.test.realizedClasses.VerifierStaticVariablesInRealizedClassesTest" time="3.295"/>
      <testcase name="testDualProjectLocalComponentIPReferenceNoEE" classname="com.mentor.nucleus.bp.debug.ui.test.realizedClasses.VerifierStaticVariablesInRealizedClassesTest" time="3.297"/>
      <testcase name="testDualProjectLocalComponentIPReferenceDuplicateEE" classname="com.mentor.nucleus.bp.debug.ui.test.realizedClasses.VerifierStaticVariablesInRealizedClassesTest" time="3.236"/>
    </testsuite>
    <testsuite name="com.mentor.nucleus.bp.debug.ui.launch.VerifierLaunchTestSuite" time="4.117">
      <testsuite name="com.mentor.nucleus.bp.debug.ui.launch.VerifierLaunchConfigurationTests" time="3.221">
        <testcase name="testLaunchConfigurationTree" classname="com.mentor.nucleus.bp.debug.ui.launch.VerifierLaunchConfigurationTests" time="3.221"/>
      </testsuite>
      <testsuite name="com.mentor.nucleus.bp.debug.ui.launch.VerifierLaunchActionTests" time="0.896">
        <testcase name="testLaunchComponent" classname="com.mentor.nucleus.bp.debug.ui.launch.VerifierLaunchActionTests" time="0.794"/>
        <testcase name="testLaunchNotAssignedImportedComponent" classname="com.mentor.nucleus.bp.debug.ui.launch.VerifierLaunchActionTests" time="0.102"/>
      </testsuite>
    </testsuite>
    <testsuite name="com.mentor.nucleus.bp.debug.ui.test.execute.VerifierExecuteFragmentTest" time="11.211">
      <testcase name="testtopLevelFragment" classname="com.mentor.nucleus.bp.debug.ui.test.execute.VerifierExecuteFragmentTest" time="7.993"/>
      <testcase name="testnestedFragment" classname="com.mentor.nucleus.bp.debug.ui.test.execute.VerifierExecuteFragmentTest" time="3.218"/>
    </testsuite>
    <testsuite name="com.mentor.nucleus.bp.debug.ui.test.execute.VerifierExecuteActionTests" time="45.087">
      <testcase name="testExecuteClassBasedOperationOAL" classname="com.mentor.nucleus.bp.debug.ui.test.execute.VerifierExecuteActionTests" time="3.945"/>
      <testcase name="testExecuteClassBasedOperationNoOAL" classname="com.mentor.nucleus.bp.debug.ui.test.execute.VerifierExecuteActionTests" time="2.685">
        <failure>junit.framework.AssertionFailedError: Expected console warning not found when executing an operation with no OAL.&#13;
	at junit.framework.Assert.fail(Assert.java:47)&#13;
	at junit.framework.Assert.assertTrue(Assert.java:20)&#13;
	at com.mentor.nucleus.bp.debug.ui.test.execute.VerifierExecuteActionTests.testExecuteClassBasedOperationNoOAL(VerifierExecuteActionTests.java:247)&#13;
	at sun.reflect.NativeMethodAccessorImpl.invoke0(Native Method)&#13;
	at sun.reflect.NativeMethodAccessorImpl.invoke(Unknown Source)&#13;
	at sun.reflect.DelegatingMethodAccessorImpl.invoke(Unknown Source)&#13;
	at java.lang.reflect.Method.invoke(Unknown Source)&#13;
	at junit.framework.TestCase.runTest(TestCase.java:168)&#13;
	at junit.framework.TestCase.runBare(TestCase.java:134)&#13;
	at junit.framework.TestResult$1.protect(TestResult.java:110)&#13;
	at junit.framework.TestResult.runProtected(TestResult.java:128)&#13;
	at junit.framework.TestResult.run(TestResult.java:113)&#13;
	at junit.framework.TestCase.run(TestCase.java:124)&#13;
	at junit.framework.TestSuite.runTest(TestSuite.java:243)&#13;
	at junit.framework.TestSuite.run(TestSuite.java:238)&#13;
	at junit.framework.TestSuite.runTest(TestSuite.java:243)&#13;
	at junit.framework.TestSuite.run(TestSuite.java:238)&#13;
	at org.eclipse.jdt.internal.junit.runner.junit3.JUnit3TestReference.run(JUnit3TestReference.java:130)&#13;
	at org.eclipse.jdt.internal.junit.runner.TestExecution.run(TestExecution.java:38)&#13;
	at org.eclipse.jdt.internal.junit.runner.RemoteTestRunner.runTests(RemoteTestRunner.java:467)&#13;
	at org.eclipse.jdt.internal.junit.runner.RemoteTestRunner.runTests(RemoteTestRunner.java:683)&#13;
	at org.eclipse.jdt.internal.junit.runner.RemoteTestRunner.run(RemoteTestRunner.java:390)&#13;
	at org.eclipse.pde.internal.junit.runtime.RemotePluginTestRunner.main(RemotePluginTestRunner.java:62)&#13;
	at org.eclipse.pde.internal.junit.runtime.PlatformUITestHarness$1.run(PlatformUITestHarness.java:47)&#13;
	at org.eclipse.swt.widgets.RunnableLock.run(RunnableLock.java:35)&#13;
	at org.eclipse.swt.widgets.Synchronizer.runAsyncMessages(Synchronizer.java:135)&#13;
	at org.eclipse.swt.widgets.Display.runAsyncMessages(Display.java:4140)&#13;
	at org.eclipse.swt.widgets.Display.readAndDispatch(Display.java:3757)&#13;
	at org.eclipse.ui.internal.Workbench.runEventLoop(Workbench.java:2701)&#13;
	at org.eclipse.ui.internal.Workbench.runUI(Workbench.java:2665)&#13;
	at org.eclipse.ui.internal.Workbench.access$4(Workbench.java:2499)&#13;
	at org.eclipse.ui.internal.Workbench$7.run(Workbench.java:679)&#13;
	at org.eclipse.core.databinding.observable.Realm.runWithDefault(Realm.java:332)&#13;
	at org.eclipse.ui.internal.Workbench.createAndRunWorkbench(Workbench.java:668)&#13;
	at org.eclipse.ui.PlatformUI.createAndRunWorkbench(PlatformUI.java:149)&#13;
	at org.eclipse.ui.internal.ide.application.IDEApplication.start(IDEApplication.java:123)&#13;
	at org.eclipse.pde.internal.junit.runtime.NonUIThreadTestApplication.runApp(NonUIThreadTestApplication.java:54)&#13;
	at org.eclipse.pde.internal.junit.runtime.UITestApplication.runApp(UITestApplication.java:41)&#13;
	at org.eclipse.pde.internal.junit.runtime.NonUIThreadTestApplication.start(NonUIThreadTestApplication.java:48)&#13;
	at org.eclipse.equinox.internal.app.EclipseAppHandle.run(EclipseAppHandle.java:196)&#13;
	at org.eclipse.core.runtime.internal.adaptor.EclipseAppLauncher.runApplication(EclipseAppLauncher.java:110)&#13;
	at org.eclipse.core.runtime.internal.adaptor.EclipseAppLauncher.start(EclipseAppLauncher.java:79)&#13;
	at org.eclipse.core.runtime.adaptor.EclipseStarter.run(EclipseStarter.java:344)&#13;
	at org.eclipse.core.runtime.adaptor.EclipseStarter.run(EclipseStarter.java:179)&#13;
	at sun.reflect.NativeMethodAccessorImpl.invoke0(Native Method)&#13;
	at sun.reflect.NativeMethodAccessorImpl.invoke(Unknown Source)&#13;
	at sun.reflect.DelegatingMethodAccessorImpl.invoke(Unknown Source)&#13;
	at java.lang.reflect.Method.invoke(Unknown Source)&#13;
	at org.eclipse.equinox.launcher.Main.invokeFramework(Main.java:622)&#13;
	at org.eclipse.equinox.launcher.Main.basicRun(Main.java:577)&#13;
	at org.eclipse.equinox.launcher.Main.run(Main.java:1410)&#13;
	at org.eclipse.equinox.launcher.Main.main(Main.java:1386)&#13;
&#13;
</failure>
      </testcase>
      <testcase name="testExecuteClassBasedOperationWithParameters" classname="com.mentor.nucleus.bp.debug.ui.test.execute.VerifierExecuteActionTests" time="2.808"/>
      <testcase name="testExecuteSignalAssignedToTransition" classname="com.mentor.nucleus.bp.debug.ui.test.execute.VerifierExecuteActionTests" time="0.942"/>
      <testcase name="testExecuteSignalAssignedToTransitionNoOAL" classname="com.mentor.nucleus.bp.debug.ui.test.execute.VerifierExecuteActionTests" time="1.546"/>
      <testcase name="testExecuteSignalAssignedToTransitionWithParameters" classname="com.mentor.nucleus.bp.debug.ui.test.execute.VerifierExecuteActionTests" time="1.071"/>
      <testcase name="testExecuteSignalNotAssignedToTransition" classname="com.mentor.nucleus.bp.debug.ui.test.execute.VerifierExecuteActionTests" time="2.945"/>
      <testcase name="testExecuteSignalNotAssignedToTransitionNoOAL" classname="com.mentor.nucleus.bp.debug.ui.test.execute.VerifierExecuteActionTests" time="3.348">
        <failure>junit.framework.AssertionFailedError: Expected console warning not found when executing a signal with no OAL.&#13;
	at junit.framework.Assert.fail(Assert.java:47)&#13;
	at junit.framework.Assert.assertTrue(Assert.java:20)&#13;
	at com.mentor.nucleus.bp.debug.ui.test.execute.VerifierExecuteActionTests.testExecuteSignalNotAssignedToTransitionNoOAL(VerifierExecuteActionTests.java:705)&#13;
	at sun.reflect.NativeMethodAccessorImpl.invoke0(Native Method)&#13;
	at sun.reflect.NativeMethodAccessorImpl.invoke(Unknown Source)&#13;
	at sun.reflect.DelegatingMethodAccessorImpl.invoke(Unknown Source)&#13;
	at java.lang.reflect.Method.invoke(Unknown Source)&#13;
	at junit.framework.TestCase.runTest(TestCase.java:168)&#13;
	at junit.framework.TestCase.runBare(TestCase.java:134)&#13;
	at junit.framework.TestResult$1.protect(TestResult.java:110)&#13;
	at junit.framework.TestResult.runProtected(TestResult.java:128)&#13;
	at junit.framework.TestResult.run(TestResult.java:113)&#13;
	at junit.framework.TestCase.run(TestCase.java:124)&#13;
	at junit.framework.TestSuite.runTest(TestSuite.java:243)&#13;
	at junit.framework.TestSuite.run(TestSuite.java:238)&#13;
	at junit.framework.TestSuite.runTest(TestSuite.java:243)&#13;
	at junit.framework.TestSuite.run(TestSuite.java:238)&#13;
	at org.eclipse.jdt.internal.junit.runner.junit3.JUnit3TestReference.run(JUnit3TestReference.java:130)&#13;
	at org.eclipse.jdt.internal.junit.runner.TestExecution.run(TestExecution.java:38)&#13;
	at org.eclipse.jdt.internal.junit.runner.RemoteTestRunner.runTests(RemoteTestRunner.java:467)&#13;
	at org.eclipse.jdt.internal.junit.runner.RemoteTestRunner.runTests(RemoteTestRunner.java:683)&#13;
	at org.eclipse.jdt.internal.junit.runner.RemoteTestRunner.run(RemoteTestRunner.java:390)&#13;
	at org.eclipse.pde.internal.junit.runtime.RemotePluginTestRunner.main(RemotePluginTestRunner.java:62)&#13;
	at org.eclipse.pde.internal.junit.runtime.PlatformUITestHarness$1.run(PlatformUITestHarness.java:47)&#13;
	at org.eclipse.swt.widgets.RunnableLock.run(RunnableLock.java:35)&#13;
	at org.eclipse.swt.widgets.Synchronizer.runAsyncMessages(Synchronizer.java:135)&#13;
	at org.eclipse.swt.widgets.Display.runAsyncMessages(Display.java:4140)&#13;
	at org.eclipse.swt.widgets.Display.readAndDispatch(Display.java:3757)&#13;
	at org.eclipse.ui.internal.Workbench.runEventLoop(Workbench.java:2701)&#13;
	at org.eclipse.ui.internal.Workbench.runUI(Workbench.java:2665)&#13;
	at org.eclipse.ui.internal.Workbench.access$4(Workbench.java:2499)&#13;
	at org.eclipse.ui.internal.Workbench$7.run(Workbench.java:679)&#13;
	at org.eclipse.core.databinding.observable.Realm.runWithDefault(Realm.java:332)&#13;
	at org.eclipse.ui.internal.Workbench.createAndRunWorkbench(Workbench.java:668)&#13;
	at org.eclipse.ui.PlatformUI.createAndRunWorkbench(PlatformUI.java:149)&#13;
	at org.eclipse.ui.internal.ide.application.IDEApplication.start(IDEApplication.java:123)&#13;
	at org.eclipse.pde.internal.junit.runtime.NonUIThreadTestApplication.runApp(NonUIThreadTestApplication.java:54)&#13;
	at org.eclipse.pde.internal.junit.runtime.UITestApplication.runApp(UITestApplication.java:41)&#13;
	at org.eclipse.pde.internal.junit.runtime.NonUIThreadTestApplication.start(NonUIThreadTestApplication.java:48)&#13;
	at org.eclipse.equinox.internal.app.EclipseAppHandle.run(EclipseAppHandle.java:196)&#13;
	at org.eclipse.core.runtime.internal.adaptor.EclipseAppLauncher.runApplication(EclipseAppLauncher.java:110)&#13;
	at org.eclipse.core.runtime.internal.adaptor.EclipseAppLauncher.start(EclipseAppLauncher.java:79)&#13;
	at org.eclipse.core.runtime.adaptor.EclipseStarter.run(EclipseStarter.java:344)&#13;
	at org.eclipse.core.runtime.adaptor.EclipseStarter.run(EclipseStarter.java:179)&#13;
	at sun.reflect.NativeMethodAccessorImpl.invoke0(Native Method)&#13;
	at sun.reflect.NativeMethodAccessorImpl.invoke(Unknown Source)&#13;
	at sun.reflect.DelegatingMethodAccessorImpl.invoke(Unknown Source)&#13;
	at java.lang.reflect.Method.invoke(Unknown Source)&#13;
	at org.eclipse.equinox.launcher.Main.invokeFramework(Main.java:622)&#13;
	at org.eclipse.equinox.launcher.Main.basicRun(Main.java:577)&#13;
	at org.eclipse.equinox.launcher.Main.run(Main.java:1410)&#13;
	at org.eclipse.equinox.launcher.Main.main(Main.java:1386)&#13;
&#13;
</failure>
      </testcase>
      <testcase name="testExecuteSignalNotAssignedToTransitionWithParameters" classname="com.mentor.nucleus.bp.debug.ui.test.execute.VerifierExecuteActionTests" time="3.16"/>
      <testcase name="testExecuteInterfaceOperation" classname="com.mentor.nucleus.bp.debug.ui.test.execute.VerifierExecuteActionTests" time="2.913"/>
      <testcase name="testExecuteInterfaceOperationNoOAL" classname="com.mentor.nucleus.bp.debug.ui.test.execute.VerifierExecuteActionTests" time="5.341"/>
      <testcase name="testExecuteInterfaceOperationWithParameters" classname="com.mentor.nucleus.bp.debug.ui.test.execute.VerifierExecuteActionTests" time="3.225"/>
      <testcase name="testTerminateAndRelaunch" classname="com.mentor.nucleus.bp.debug.ui.test.execute.VerifierExecuteActionTests" time="11.156"/>
    </testsuite>
    <testsuite name="com.mentor.nucleus.bp.debug.test.VIECTest" time="14.081">
      <testcase name="testVIECTwoPort" classname="com.mentor.nucleus.bp.debug.test.VIECTest" time="9.442"/>
      <testcase name="testVIECSinglePort" classname="com.mentor.nucleus.bp.debug.test.VIECTest" time="4.639"/>
    </testsuite>
    <testsuite name="com.mentor.nucleus.bp.debug.engine.SignalParameterPassingTest" time="10.1">
      <testcase name="testSignalParameterPassing" classname="com.mentor.nucleus.bp.debug.engine.SignalParameterPassingTest" time="10.1"/>
    </testsuite>
    <testsuite name="com.mentor.nucleus.bp.debug.ui.test.execute.VerifierInterfaceExecutionTests" time="46.973">
      <testcase name="testInterfaceExecutionSignalAssignedToTransition" classname="com.mentor.nucleus.bp.debug.ui.test.execute.VerifierInterfaceExecutionTests" time="3.423"/>
      <testcase name="testInterfaceExecutionSignalNoOALAssignedToTransition" classname="com.mentor.nucleus.bp.debug.ui.test.execute.VerifierInterfaceExecutionTests" time="2.922"/>
      <testcase name="testInterfaceExecutionSignalParametersAssignedToTransition" classname="com.mentor.nucleus.bp.debug.ui.test.execute.VerifierInterfaceExecutionTests" time="3.023">
        <failure>junit.framework.AssertionFailedError: Process was not suspended by breakpoint in state.&#13;
	at junit.framework.Assert.fail(Assert.java:47)&#13;
	at junit.framework.Assert.assertTrue(Assert.java:20)&#13;
	at com.mentor.nucleus.bp.debug.ui.test.execute.VerifierInterfaceExecutionTests.testInterfaceExecutionSignalParametersAssignedToTransition(VerifierInterfaceExecutionTests.java:409)&#13;
	at sun.reflect.NativeMethodAccessorImpl.invoke0(Native Method)&#13;
	at sun.reflect.NativeMethodAccessorImpl.invoke(Unknown Source)&#13;
	at sun.reflect.DelegatingMethodAccessorImpl.invoke(Unknown Source)&#13;
	at java.lang.reflect.Method.invoke(Unknown Source)&#13;
	at junit.framework.TestCase.runTest(TestCase.java:168)&#13;
	at junit.framework.TestCase.runBare(TestCase.java:134)&#13;
	at junit.framework.TestResult$1.protect(TestResult.java:110)&#13;
	at junit.framework.TestResult.runProtected(TestResult.java:128)&#13;
	at junit.framework.TestResult.run(TestResult.java:113)&#13;
	at junit.framework.TestCase.run(TestCase.java:124)&#13;
	at junit.framework.TestSuite.runTest(TestSuite.java:243)&#13;
	at junit.framework.TestSuite.run(TestSuite.java:238)&#13;
	at junit.framework.TestSuite.runTest(TestSuite.java:243)&#13;
	at junit.framework.TestSuite.run(TestSuite.java:238)&#13;
	at org.eclipse.jdt.internal.junit.runner.junit3.JUnit3TestReference.run(JUnit3TestReference.java:130)&#13;
	at org.eclipse.jdt.internal.junit.runner.TestExecution.run(TestExecution.java:38)&#13;
	at org.eclipse.jdt.internal.junit.runner.RemoteTestRunner.runTests(RemoteTestRunner.java:467)&#13;
	at org.eclipse.jdt.internal.junit.runner.RemoteTestRunner.runTests(RemoteTestRunner.java:683)&#13;
	at org.eclipse.jdt.internal.junit.runner.RemoteTestRunner.run(RemoteTestRunner.java:390)&#13;
	at org.eclipse.pde.internal.junit.runtime.RemotePluginTestRunner.main(RemotePluginTestRunner.java:62)&#13;
	at org.eclipse.pde.internal.junit.runtime.PlatformUITestHarness$1.run(PlatformUITestHarness.java:47)&#13;
	at org.eclipse.swt.widgets.RunnableLock.run(RunnableLock.java:35)&#13;
	at org.eclipse.swt.widgets.Synchronizer.runAsyncMessages(Synchronizer.java:135)&#13;
	at org.eclipse.swt.widgets.Display.runAsyncMessages(Display.java:4140)&#13;
	at org.eclipse.swt.widgets.Display.readAndDispatch(Display.java:3757)&#13;
	at org.eclipse.ui.internal.Workbench.runEventLoop(Workbench.java:2701)&#13;
	at org.eclipse.ui.internal.Workbench.runUI(Workbench.java:2665)&#13;
	at org.eclipse.ui.internal.Workbench.access$4(Workbench.java:2499)&#13;
	at org.eclipse.ui.internal.Workbench$7.run(Workbench.java:679)&#13;
	at org.eclipse.core.databinding.observable.Realm.runWithDefault(Realm.java:332)&#13;
	at org.eclipse.ui.internal.Workbench.createAndRunWorkbench(Workbench.java:668)&#13;
	at org.eclipse.ui.PlatformUI.createAndRunWorkbench(PlatformUI.java:149)&#13;
	at org.eclipse.ui.internal.ide.application.IDEApplication.start(IDEApplication.java:123)&#13;
	at org.eclipse.pde.internal.junit.runtime.NonUIThreadTestApplication.runApp(NonUIThreadTestApplication.java:54)&#13;
	at org.eclipse.pde.internal.junit.runtime.UITestApplication.runApp(UITestApplication.java:41)&#13;
	at org.eclipse.pde.internal.junit.runtime.NonUIThreadTestApplication.start(NonUIThreadTestApplication.java:48)&#13;
	at org.eclipse.equinox.internal.app.EclipseAppHandle.run(EclipseAppHandle.java:196)&#13;
	at org.eclipse.core.runtime.internal.adaptor.EclipseAppLauncher.runApplication(EclipseAppLauncher.java:110)&#13;
	at org.eclipse.core.runtime.internal.adaptor.EclipseAppLauncher.start(EclipseAppLauncher.java:79)&#13;
	at org.eclipse.core.runtime.adaptor.EclipseStarter.run(EclipseStarter.java:344)&#13;
	at org.eclipse.core.runtime.adaptor.EclipseStarter.run(EclipseStarter.java:179)&#13;
	at sun.reflect.NativeMethodAccessorImpl.invoke0(Native Method)&#13;
	at sun.reflect.NativeMethodAccessorImpl.invoke(Unknown Source)&#13;
	at sun.reflect.DelegatingMethodAccessorImpl.invoke(Unknown Source)&#13;
	at java.lang.reflect.Method.invoke(Unknown Source)&#13;
	at org.eclipse.equinox.launcher.Main.invokeFramework(Main.java:622)&#13;
	at org.eclipse.equinox.launcher.Main.basicRun(Main.java:577)&#13;
	at org.eclipse.equinox.launcher.Main.run(Main.java:1410)&#13;
	at org.eclipse.equinox.launcher.Main.main(Main.java:1386)&#13;
&#13;
</failure>
      </testcase>
      <testcase name="testInterfaceExecutionSignalWithQueuedEventsBadState" classname="com.mentor.nucleus.bp.debug.ui.test.execute.VerifierInterfaceExecutionTests" time="3.315"/>
      <testcase name="testInterfaceExecutionSignalWithQueuedEventsGoodState" classname="com.mentor.nucleus.bp.debug.ui.test.execute.VerifierInterfaceExecutionTests" time="3.321"/>
      <testcase name="testInterfaceExecutionSignalNotAssignedWithOAL" classname="com.mentor.nucleus.bp.debug.ui.test.execute.VerifierInterfaceExecutionTests" time="3.188"/>
      <testcase name="testInterfaceExecutionSignalNotAssignedWithNoOAL" classname="com.mentor.nucleus.bp.debug.ui.test.execute.VerifierInterfaceExecutionTests" time="3.286"/>
      <testcase name="testInterfaceExecutionSignalNotAssignedCurrentExecutingAction" classname="com.mentor.nucleus.bp.debug.ui.test.execute.VerifierInterfaceExecutionTests" time="3.212"/>
      <testcase name="testInterfaceExecutionSignalNotAssignedWithParameters" classname="com.mentor.nucleus.bp.debug.ui.test.execute.VerifierInterfaceExecutionTests" time="3.13"/>
      <testcase name="testInterfaceExectuionOperationOALNonVoidReturn" classname="com.mentor.nucleus.bp.debug.ui.test.execute.VerifierInterfaceExecutionTests" time="3.277"/>
      <testcase name="testInterfaceExecutionOperationNoOALVoidReturn" classname="com.mentor.nucleus.bp.debug.ui.test.execute.VerifierInterfaceExecutionTests" time="3.332"/>
      <testcase name="testInterfaceExecutionOperationNoOALNonVoidReturn" classname="com.mentor.nucleus.bp.debug.ui.test.execute.VerifierInterfaceExecutionTests" time="3.244"/>
      <testcase name="testInterfaceExecutionOperationCurrentExecutingAction" classname="com.mentor.nucleus.bp.debug.ui.test.execute.VerifierInterfaceExecutionTests" time="5.201"/>
      <testcase name="testInterfaceExecutionOperationWithParamatersNonVoidReturn" classname="com.mentor.nucleus.bp.debug.ui.test.execute.VerifierInterfaceExecutionTests" time="3.099"/>
    </testsuite>
    <testsuite name="com.mentor.nucleus.bp.debug.engine.VerifierTransitionActionTests" time="9.251">
      <testcase name="testTransitionActions" classname="com.mentor.nucleus.bp.debug.engine.VerifierTransitionActionTests" time="3.291"/>
      <testcase name="testISMTransitionAction" classname="com.mentor.nucleus.bp.debug.engine.VerifierTransitionActionTests" time="2.948"/>
      <testcase name="testCSMTransitionAction" classname="com.mentor.nucleus.bp.debug.engine.VerifierTransitionActionTests" time="3.012"/>
    </testsuite>
    <testsuite name="com.mentor.nucleus.bp.debug.ui.session.tree.VerifierSessionExplorerTests" time="8.369">
      <testcase name="testComponentsInSessionExplorerTree" classname="com.mentor.nucleus.bp.debug.ui.session.tree.VerifierSessionExplorerTests" time="2.803"/>
      <testcase name="testDeleteDisabledForModelElement" classname="com.mentor.nucleus.bp.debug.ui.session.tree.VerifierSessionExplorerTests" time="2.803"/>
      <testcase name="testRenameDisabledForModelElement" classname="com.mentor.nucleus.bp.debug.ui.session.tree.VerifierSessionExplorerTests" time="2.763"/>
    </testsuite>
    <testsuite name="com.mentor.nucleus.bp.debug.engine.ExternalEntityTest" time="2.639">
      <testcase name="testBasicEE" classname="com.mentor.nucleus.bp.debug.engine.ExternalEntityTest" time="2.639"/>
    </testsuite>
    <testsuite name="com.mentor.nucleus.bp.debug.engine.CreateAndGenerateEventTest" time="6.961">
      <testcase name="testBasicCreateAndGenerateEvent" classname="com.mentor.nucleus.bp.debug.engine.CreateAndGenerateEventTest" time="6.961"/>
    </testsuite>
    <testsuite name="com.mentor.nucleus.bp.debug.engine.TimerTest" time="13.547">
      <testcase name="testTimer" classname="com.mentor.nucleus.bp.debug.engine.TimerTest" time="13.547"/>
    </testsuite>
    <testsuite name="com.mentor.nucleus.bp.debug.engine.VerifierCreationTransitionDebugTest" time="3.269">
      <testcase name="testVerifierCreationTransitionBP" classname="com.mentor.nucleus.bp.debug.engine.VerifierCreationTransitionDebugTest" time="3.269"/>
    </testsuite>
    <testsuite name="com.mentor.nucleus.bp.debug.engine.VerifierAuditTest" time="150.805">
      <testcase name="testVerifierAudit" classname="com.mentor.nucleus.bp.debug.engine.VerifierAuditTest" time="18.486"/>
      <testcase name="testVerifierAudit_Warning" classname="com.mentor.nucleus.bp.debug.engine.VerifierAuditTest" time="21.98"/>
      <testcase name="testVerifierAudit_Fatal" classname="com.mentor.nucleus.bp.debug.engine.VerifierAuditTest" time="30.352"/>
      <testcase name="testVerifierAudit_runAllTests" classname="com.mentor.nucleus.bp.debug.engine.VerifierAuditTest" time="79.987"/>
    </testsuite>
    <testsuite name="com.mentor.nucleus.bp.debug.test.breakpoint.BreakpointTest" time="1.781">
      <testcase name="testSetBreakpointOnNewStateTransitionWithLongEventDataList" classname="com.mentor.nucleus.bp.debug.test.breakpoint.BreakpointTest" time="0.907"/>
      <testcase name="testSetBreakpointOnCreationTransitionWithLongEventDataList" classname="com.mentor.nucleus.bp.debug.test.breakpoint.BreakpointTest" time="0.874"/>
    </testsuite>
    <testsuite name="com.mentor.nucleus.bp.debug.engine.MDATest" time="113.943">
      <testcase name="testRunModel" classname="com.mentor.nucleus.bp.debug.engine.MDATest" time="113.943"/>
    </testsuite>
    <testsuite name="com.mentor.nucleus.bp.debug.engine.SendMessageOverDelegationTest" time="33.058">
      <testcase name="testSendInterfaceOperationOverDele" classname="com.mentor.nucleus.bp.debug.engine.SendMessageOverDelegationTest" time="9.08"/>
      <testcase name="testSendInterfaceOperationWithReturnOverLongDele" classname="com.mentor.nucleus.bp.debug.engine.SendMessageOverDelegationTest" time="7.965"/>
      <testcase name="testSendInterfaceOperationWithReturnOutOfLongDele" classname="com.mentor.nucleus.bp.debug.engine.SendMessageOverDelegationTest" time="7.996"/>
      <testcase name="testSendInterfaceSignalOverDele" classname="com.mentor.nucleus.bp.debug.engine.SendMessageOverDelegationTest" time="8.017"/>
    </testsuite>
    <testsuite name="com.mentor.nucleus.bp.debug.ui.test.runtimemsg.TestVerifierRunTimeErrorMsgs_0" time="74.357">
      <testcase name="testA8_C1N1CSM" classname="com.mentor.nucleus.bp.debug.ui.test.runtimemsg.TestVerifierRunTimeErrorMsgs_0" time="8.287"/>
      <testcase name="testA1_C3N3" classname="com.mentor.nucleus.bp.debug.ui.test.runtimemsg.TestVerifierRunTimeErrorMsgs_0" time="6.024"/>
      <testcase name="testA2_C3N3" classname="com.mentor.nucleus.bp.debug.ui.test.runtimemsg.TestVerifierRunTimeErrorMsgs_0" time="5.972"/>
      <testcase name="testA3_C1N1" classname="com.mentor.nucleus.bp.debug.ui.test.runtimemsg.TestVerifierRunTimeErrorMsgs_0" time="6.108"/>
      <testcase name="testA3_C3N3" classname="com.mentor.nucleus.bp.debug.ui.test.runtimemsg.TestVerifierRunTimeErrorMsgs_0" time="6.016"/>
      <testcase name="testA4_C3N3" classname="com.mentor.nucleus.bp.debug.ui.test.runtimemsg.TestVerifierRunTimeErrorMsgs_0" time="5.965"/>
      <testcase name="testA5_C3N3" classname="com.mentor.nucleus.bp.debug.ui.test.runtimemsg.TestVerifierRunTimeErrorMsgs_0" time="5.975"/>
      <testcase name="testA6_C3N3" classname="com.mentor.nucleus.bp.debug.ui.test.runtimemsg.TestVerifierRunTimeErrorMsgs_0" time="5.999"/>
      <testcase name="testA7_C3N3" classname="com.mentor.nucleus.bp.debug.ui.test.runtimemsg.TestVerifierRunTimeErrorMsgs_0" time="6.018"/>
      <testcase name="testA8_C3N3" classname="com.mentor.nucleus.bp.debug.ui.test.runtimemsg.TestVerifierRunTimeErrorMsgs_0" time="5.993"/>
      <testcase name="testA9_C3N3" classname="com.mentor.nucleus.bp.debug.ui.test.runtimemsg.TestVerifierRunTimeErrorMsgs_0" time="5.979"/>
      <testcase name="testA10_C3N3" classname="com.mentor.nucleus.bp.debug.ui.test.runtimemsg.TestVerifierRunTimeErrorMsgs_0" time="6.021"/>
    </testsuite>
    <testsuite name="com.mentor.nucleus.bp.debug.ui.test.runtimemsg.TestVerifierRunTimeErrorMsgs_1" time="69.302">
      <testcase name="testA1_C1N1" classname="com.mentor.nucleus.bp.debug.ui.test.runtimemsg.TestVerifierRunTimeErrorMsgs_1" time="7.953"/>
      <testcase name="testA2_C1N1" classname="com.mentor.nucleus.bp.debug.ui.test.runtimemsg.TestVerifierRunTimeErrorMsgs_1" time="6.098"/>
      <testcase name="testA4_C1N1" classname="com.mentor.nucleus.bp.debug.ui.test.runtimemsg.TestVerifierRunTimeErrorMsgs_1" time="6.129"/>
      <testcase name="testA5_C1N1" classname="com.mentor.nucleus.bp.debug.ui.test.runtimemsg.TestVerifierRunTimeErrorMsgs_1" time="6.118"/>
      <testcase name="testA6_C1N1" classname="com.mentor.nucleus.bp.debug.ui.test.runtimemsg.TestVerifierRunTimeErrorMsgs_1" time="6.149"/>
      <testcase name="testA7_C1N1" classname="com.mentor.nucleus.bp.debug.ui.test.runtimemsg.TestVerifierRunTimeErrorMsgs_1" time="6.15"/>
      <testcase name="testA8_C1N1" classname="com.mentor.nucleus.bp.debug.ui.test.runtimemsg.TestVerifierRunTimeErrorMsgs_1" time="6.104"/>
      <testcase name="testA9_C1N1" classname="com.mentor.nucleus.bp.debug.ui.test.runtimemsg.TestVerifierRunTimeErrorMsgs_1" time="6.121"/>
      <testcase name="testA10_C1N1" classname="com.mentor.nucleus.bp.debug.ui.test.runtimemsg.TestVerifierRunTimeErrorMsgs_1" time="6.158"/>
      <testcase name="testCantHappenEvent" classname="com.mentor.nucleus.bp.debug.ui.test.runtimemsg.TestVerifierRunTimeErrorMsgs_1" time="6.203"/>
      <testcase name="testCantCreationTransition" classname="com.mentor.nucleus.bp.debug.ui.test.runtimemsg.TestVerifierRunTimeErrorMsgs_1" time="6.119"/>
    </testsuite>
    <testsuite name="com.mentor.nucleus.bp.debug.test.RealizedClassTest" time="9.542">
      <testcase name="testExectureTest" classname="com.mentor.nucleus.bp.debug.test.RealizedClassTest" time="9.542"/>
    </testsuite>
    <testsuite name="com.mentor.nucleus.bp.debug.ui.test.realizedClasses.VerifierBindingAuditTest" time="10.593">
      <testcase name="testVerifyReadyToRun" classname="com.mentor.nucleus.bp.debug.ui.test.realizedClasses.VerifierBindingAuditTest" time="6.631"/>
      <testcase name="testMenuEntryAbsent" classname="com.mentor.nucleus.bp.debug.ui.test.realizedClasses.VerifierBindingAuditTest" time="1.694"/>
      <testcase name="testRealizedCodeAudit" classname="com.mentor.nucleus.bp.debug.ui.test.realizedClasses.VerifierBindingAuditTest" time="2.268"/>
    </testsuite>
    <testsuite name="com.mentor.nucleus.bp.debug.ui.test.realizedClasses.VerifierRealizedUDTTest" time="26.212">
      <testcase name="testVerifyReadyToRun" classname="com.mentor.nucleus.bp.debug.ui.test.realizedClasses.VerifierRealizedUDTTest" time="6.727"/>
      <testcase name="testRealizedUDTsInInterfaceOperations" classname="com.mentor.nucleus.bp.debug.ui.test.realizedClasses.VerifierRealizedUDTTest" time="9.881"/>
      <testcase name="testRealizedUDTsInSignals" classname="com.mentor.nucleus.bp.debug.ui.test.realizedClasses.VerifierRealizedUDTTest" time="9.604"/>
    </testsuite>
    <testsuite name="com.mentor.nucleus.bp.debug.test.VerifierUDTAsUDTInitializationTests" time="5.732">
      <testcase name="testUDTAsSDTIntialization" classname="com.mentor.nucleus.bp.debug.test.VerifierUDTAsUDTInitializationTests" time="5.732"/>
    </testsuite>
  </testsuite>
</testrun>
