<?xml version="1.0" encoding="UTF-8" ?>
<testsuite name="CanvasTestSuite" tests="223" failures="1" errors="0" time="98.406">
  <properties>
[...]
</properties>
  <testcase name="testGetConnectorText" time="0.0"></testcase>
  <testcase name="testGetCompartmentText" time="0.0"></testcase>
  <testcase name="testGetCompartments" time="0.016"></testcase>
  <testcase name="testGetConnectorStyle" time="0.0"></testcase>
  <testcase name="testGetOOA_IDfromInstance" time="0.016"></testcase>
  <testcase name="testCanvasDomainChart" time="1.859"></testcase>
  <testcase name="testCanvasClassDiagram" time="0.344"></testcase>
  <testcase name="testCanvasExportedClassDiagram" time="0.218"></testcase>
  <testcase name="testCanvas2ndExportedClassDiagram" time="0.204"></testcase>
  <testcase name="testCanvasStateChart" time="0.234">
    <failure message="At Line: 19, Expected: drawText(&quot;CDTS_TSC2: Event
2[EDI 3, EDI 2, EDI
1]&quot;, 267, 632, true), found: drawText(&quot;CDTS_TSC2: Event
2[EDI 1, EDI 2, EDI
3]&quot;, 267, 632, true)" type="junit.framework.AssertionFailedError">junit.framework.AssertionFailedError: At Line: 19, Expected: drawText(&quot;CDTS_TSC2: Event
2[EDI 3, EDI 2, EDI
1]&quot;, 267, 632, true), found: drawText(&quot;CDTS_TSC2: Event
2[EDI 1, EDI 2, EDI
3]&quot;, 267, 632, true)
	at com.projtech.bp.ui.canvas.test.CanvasTest.doTestDiagram(CanvasTest.java:88)
	at com.projtech.bp.ui.canvas.test.SymbolTest.testCanvasStateChart(SymbolTest.java:61)
	at sun.reflect.NativeMethodAccessorImpl.invoke0(Native Method)
	at sun.reflect.NativeMethodAccessorImpl.invoke(NativeMethodAccessorImpl.java:39)
	at sun.reflect.DelegatingMethodAccessorImpl.invoke(DelegatingMethodAccessorImpl.java:25)
	at org.eclipse.test.EclipseTestRunner.run(EclipseTestRunner.java:320)
	at org.eclipse.test.EclipseTestRunner.run(EclipseTestRunner.java:199)
	at org.eclipse.test.EclipseTestRunner.main(EclipseTestRunner.java:134)
	at org.eclipse.test.UITestApplication.runTests(UITestApplication.java:45)
	at org.eclipse.test.UITestApplication.runEventLoop(UITestApplication.java:39)
	at org.eclipse.ui.internal.Workbench.run(Workbench.java:1385)
	at org.eclipse.core.internal.boot.InternalBootLoader.run(InternalBootLoader.java:858)
	at org.eclipse.core.boot.BootLoader.run(BootLoader.java:461)
	at sun.reflect.NativeMethodAccessorImpl.invoke0(Native Method)
	at sun.reflect.NativeMethodAccessorImpl.invoke(NativeMethodAccessorImpl.java:39)
	at sun.reflect.DelegatingMethodAccessorImpl.invoke(DelegatingMethodAccessorImpl.java:25)
	at org.eclipse.core.launcher.Main.basicRun(Main.java:291)
	at org.eclipse.core.launcher.Main.run(Main.java:747)
	at org.eclipse.core.launcher.Main.main(Main.java:583)
</failure>
  </testcase>
  <testcase name="testCanvasDTPackageDiagram" time="0.219"></testcase>
  <testcase name="testCanvasEEPackageDiagram" time="0.218"></testcase>
  <testcase name="testODMSDomainChart" time="1.032"></testcase>
  <testcase name="testODMSClassDiagramDisplayWithSelection" time="0.312"></testcase>
  <testcase name="testODMSClassDiagramDisplayZoomedToSelection" time="0.297"></testcase>
  <testcase name="testODMSClassDiagram" time="0.266"></testcase>
  <testcase name="testDiskStateChart" time="0.218"></testcase>
  <testcase name="testDiskRequestStateChart" time="0.219"></testcase>
  <testcase name="testQualifiedProcessStateChart" time="0.219"></testcase>
  <testcase name="testDiskOwnershipAssignerStateChart" time="0.219"></testcase>
  <testcase name="testDriveDiskAssignerStateChart" time="0.218"></testcase>
  <testcase name="testSlotStateChart" time="0.219"></testcase>
  <testcase name="testOnlineLocationChart" time="0.203"></testcase>
  <testcase name="testSlotDiskAssignerStateChart" time="0.219"></testcase>
  <testcase name="testDriveStateChart" time="0.219"></testcase>
  <testcase name="testPortStateChart" time="0.234"></testcase>
  <testcase name="testRobotStateChart" time="0.235"></testcase>
  <testcase name="testODMSDTPackageDiagram" time="0.234"></testcase>
  <testcase name="testODMSFNPackageDiagram" time="0.187"></testcase>
  <testcase name="testODMSEEPackageDiagram" time="0.219"></testcase>
  <testcase name="testODMSDTPackageDiagram" time="4.453"></testcase>
  <testcase name="testODMSEEPackageDiagram" time="0.25"></testcase>
  <testcase name="testOOAofOOADomainChart" time="0.25"></testcase>
  <testcase name="testOOAofOOASubsystemClassDiagram" time="0.422"></testcase>
  <testcase name="testOOAofOOARelationshipClassDiagram" time="0.328"></testcase>
  <testcase name="testOOAofOOACandAClassDiagram" time="0.407"></testcase>
  <testcase name="testOOAofOOAStateModelClassDiagram" time="0.406"></testcase>
  <testcase name="testOOAofOOAObjectClassDiagram" time="0.344"></testcase>
  <testcase name="testOOAofOOAVMClassDiagram" time="0.234"></testcase>
  <testcase name="testOOAofOOAGraphicsClassDiagram" time="0.391"></testcase>
  <testcase name="testOOAofOOAActionClassDiagram" time="0.437"></testcase>
  <testcase name="testOOAofOOAValueClassDiagram" time="0.375"></testcase>
  <testcase name="testOOAofOOAAssignClassDiagram" time="0.281"></testcase>
  <testcase name="testOOAofOOARelateClassDiagram" time="0.282"></testcase>
  <testcase name="testOOAofOOASelectClassDiagram" time="0.39"></testcase>
  <testcase name="testOOAofOOAInvokeClassDiagram" time="0.281"></testcase>
  <testcase name="testOOAofOOAGenerateClassDiagram" time="0.391"></testcase>
  <testcase name="testOOAofOOAUseCaseClassDiagram" time="0.297"></testcase>
  <testcase name="testOOAofOOAConnectorToolStateChart" time="0.297"></testcase>
  <testcase name="testOOAofOOAModelStateChart" time="0.328"></testcase>
  <testcase name="testOOAofOOAToolStateChart" time="0.25"></testcase>
  <testcase name="testOOAofOOANoodeToolStateChart" time="0.234"></testcase>
  <testcase name="test_101CT_MTL6InActive" time="1.172"></testcase>
  <testcase name="test_102CT_MTL5InIdle" time="0.485"></testcase>
  <testcase name="test_103CT_MTL1InActive" time="0.5"></testcase>
  <testcase name="test_104CT_MTL3InActive" time="0.5"></testcase>
  <testcase name="test_105CT_MTL4InActive" time="0.5"></testcase>
  <testcase name="test_1CT_SEL9InCheckingMousePress" time="1.062"></testcase>
  <testcase name="test_2CT_SEL8InCheckingMousePress" time="0.641"></testcase>
  <testcase name="test_3CT_SEL12InCheckingMousePress" time="0.5"></testcase>
  <testcase name="test_4CT_SEL4InPreparingSelectionRectangle" time="0.484"></testcase>
  <testcase name="test_5CT_SEL3InPreparingSelectionRectangle" time="0.5"></testcase>
  <testcase name="test_6CT_SEL4InSelectingSymbol" time="0.516"></testcase>
  <testcase name="test_7CT_SEL3InSelectingSymbol" time="0.484"></testcase>
  <testcase name="test_8CT_SEL4InDraggingSelectionRectangle" time="0.484"></testcase>
  <testcase name="test_9CT_SEL3InDraggingSelectionRectangle" time="0.5"></testcase>
  <testcase name="test_10CT_SEL4InDraggingSymbols" time="0.485"></testcase>
  <testcase name="test_11CT_SEL3InDraggingSymbols" time="0.5"></testcase>
  <testcase name="test_12CT_SEL6InTogglingSymbolsCaughtBySelectionRectangle" time="0.484"></testcase>
  <testcase name="test_13CT_SEL4InIdle" time="0.578"></testcase>
  <testcase name="test_14CT_SEL2InIdle" time="0.5"></testcase>
  <testcase name="test_15CT_SEL5InIdle" time="0.5"></testcase>
  <testcase name="test_17CT_SEL4InPickingUpSelectedSymbols" time="0.516"></testcase>
  <testcase name="test_18CT_SEL3InPickingUpSelectedSymbols" time="0.5"></testcase>
  <testcase name="test_19CT_SEL3InOpeningContextMenu" time="0.562"></testcase>
  <testcase name="test_26CT_SEL3InAwaitingMouseRelease" time="0.516"></testcase>
  <testcase name="test_30CT_SEL19InCheckingForHotspots" time="0.516"></testcase>
  <testcase name="test_31CT_SEL4InWaitingForMousePressOverHotspot" time="0.484"></testcase>
  <testcase name="test_32CT_SEL2InWaitingForMousePressOverHotspot" time="0.484"></testcase>
  <testcase name="test_33CT_SEL5InWaitingForMousePressOverHotspot" time="0.5"></testcase>
  <testcase name="test_34CT_SEL4InMovingHotspot" time="0.5"></testcase>
  <testcase name="test_35CT_SEL3InMovingHotspot" time="0.5"></testcase>
  <testcase name="test_36CT_SEL4InWaitingToMoveHotspot" time="0.485"></testcase>
  <testcase name="test_37CT_SEL3InWaitingToMoveHotspot" time="0.484"></testcase>
  <testcase name="test_42CT_SEL2InIdleRetainSel" time="0.5"></testcase>
  <testcase name="test_44CT_SEL2InWaitingForMousePressOverHotspotRetainSel" time="0.485"></testcase>
  <testcase name="test_16CT_SCR7InIdle" time="0.984"></testcase>
  <testcase name="test_20CT_SCR2InWaitingForMousePressToSlideCanvas" time="0.484"></testcase>
  <testcase name="test_22CT_SCR8InWaitingForMousePressToSlideCanvas" time="0.5"></testcase>
  <testcase name="test_23CT_SCR4InSlidingCanvas" time="0.485"></testcase>
  <testcase name="test_24CT_SCR3InSlidingCanvas" time="0.484"></testcase>
  <testcase name="test_25CT_SCR8InSlidingCanvas" time="0.5"></testcase>
  <testcase name="test_38CT_SCR4InReadyToSlideCanvas" time="0.484"></testcase>
  <testcase name="test_39CT_SCR3InReadyToSlideCanvas" time="0.485"></testcase>
  <testcase name="test_40CT_SCR8InReadyToSlideCanvas" time="0.5"></testcase>
  <testcase name="test_43CT_SCR2InWaitingForMousePressToSlideCanvasRetainSel" time="0.484"></testcase>
  <testcase name="test_123CT_SCR8InRestingWhileSlidingCanvas" time="0.5"></testcase>
  <testcase name="test_124CT_SCR2InRestingWhileSlidingCanvas" time="0.485"></testcase>
  <testcase name="test_108CT_STL5InIdle" time="1.0"></testcase>
  <testcase name="test_109CT_STL6InWaitingForIitialPosition" time="0.484"></testcase>
  <testcase name="test_110CT_STL1InWaitingForIitialPosition" time="0.531"></testcase>
  <testcase name="test_111CT_STL2InInitializingShape" time="0.5"></testcase>
  <testcase name="test_112CT_STL3InInitializingShape" time="0.485"></testcase>
  <testcase name="test_113CT_STL3InDraggingShape" time="0.5"></testcase>
  <testcase name="test_113aCT_STL3InDraggingShapeVariableAspectRatio" time="0.484"></testcase>
  <testcase name="test_113bCT_STL3InDraggingShapeFixedAspectRatio" time="0.5"></testcase>
  <testcase name="test_114CT_STL2InDraggingShape" time="0.5"></testcase>
  <testcase name="test_114aCT_STL2InDraggingShapeBackwards" time="0.484"></testcase>
  <testcase name="test_114bCT_STL2InDraggingShapeNoElement" time="0.5"></testcase>
  <testcase name="testDPDListener" time="0.485"></testcase>
  <testcase name="testDTPListener" time="0.0"></testcase>
  <testcase name="testFPListener" time="0.015"></testcase>
  <testcase name="testEEPListener" time="0.0"></testcase>
  <testcase name="testCDListener" time="0.0"></testcase>
  <testcase name="testISDListener" time="0.0"></testcase>
  <testcase name="testCSDListener" time="0.0"></testcase>
  <testcase name="test_moveAssocLine" time="0.469"></testcase>
  <testcase name="test_moveAssocLineToEnd" time="0.469"></testcase>
  <testcase name="testOpenPackageDiagram" time="4.172"></testcase>
  <testcase name="testOpenClassDiagram" time="0.093"></testcase>
  <testcase name="testOpenInstanceStateChartDiagram" time="0.063"></testcase>
  <testcase name="testCloseTestCD" time="0.016"></testcase>
  <testcase name="testCloseDPD" time="0.015"></testcase>
  <testcase name="testCloseSC" time="0.016"></testcase>
  <testcase name="test1ActivateinIdle" time="0.156"></testcase>
  <testcase name="testMouseDownInWaitingForStartSymbol" time="0.953"></testcase>
  <testcase name="test5MouseDownInWaitingForStartSymbol_AssociativeLink" time="0.891"></testcase>
  <testcase name="test9MouseDownInWaitingForStartSymbol_Supertype" time="0.625"></testcase>
  <testcase name="test13MouseDownInWaitingForStartSymbol_Subtype" time="0.328"></testcase>
  <testcase name="test17DeactivateInWaitingForStartSymbol" time="0.297"></testcase>
  <testcase name="test18SuitableLocationInDeterminingMouseDownLocation" time="0.562"></testcase>
  <testcase name="test20UnsuitableLocationInDeterminingMouseDownLocation" time="0.297"></testcase>
  <testcase name="test22MouseMoveInCreatingFirstSegment" time="0.36"></testcase>
  <testcase name="test23MouseUpInDraggingFirstSegment_OverStartTerm" time="0.359"></testcase>
  <testcase name="test24MouseUpInDraggingFirstSegment_OverEndTerm" time="0.312"></testcase>
  <testcase name="test25MouseUpInDraggingFirstSegment_SameSymbol" time="0.375"></testcase>
  <testcase name="test26MouseUpInDraggingFirstSegment_WhiteSpace" time="0.344"></testcase>
  <testcase name="test27MouseUpInDraggingFirstSegment_OverStartTerm_AssociativeLink" time="0.375"></testcase>
  <testcase name="test28MouseUpInDraggingFirstSegment_OverEndTerm_AssociativeLink" time="0.36"></testcase>
  <testcase name="test29MouseUpInDraggingFirstSegment_OverStartTerm_Supertype" time="0.359"></testcase>
  <testcase name="test30MouseUpInDraggingFirstSegment_OverEndTerm_Supertype" time="0.328"></testcase>
  <testcase name="test31MouseUpInDraggingFirstSegment_OverStartTerm_Subtype" time="0.328"></testcase>
  <testcase name="test32MouseUpInDraggingFirstSegment_OverEndTerm_Subtype" time="0.344"></testcase>
  <testcase name="test33MouseMoveInDraggingFirstSegment" time="0.359"></testcase>
  <testcase name="test34DeactivateInDraggingFirstSegment" time="0.328"></testcase>
  <testcase name="test35SuitableLocationInDeterminingMouseUpLocation" time="0.313"></testcase>
  <testcase name="test36UnsuitableLocationInDeterminingMouseUpLocation" time="0.328"></testcase>
  <testcase name="test37CompleteInDeterminingMouseUpLocation" time="0.375"></testcase>
  <testcase name="test38UnsuitableLocationInCreatingElement" time="0.359"></testcase>
  <testcase name="test39DoneInCreatingElement" time="0.344"></testcase>
  <testcase name="test40MouseUpInPreparingToDragSubsequentSegment" time="0.344"></testcase>
  <testcase name="test41MouseMoveInPreparingToDragSubsequentSegment" time="0.375"></testcase>
  <testcase name="test42MouseUpInDraggingSubsequentSegments_OverStartTerm" time="0.375"></testcase>
  <testcase name="test43MouseUpInDraggingSubsequentSegments_OverEndTerm" time="0.391"></testcase>
  <testcase name="test44MouseUpInDraggingSubsequentSegments_OverWhitespace" time="0.39"></testcase>
  <testcase name="test45MouseUpInDraggingSubsequentSegments_OverStartTerm_AssociativeLink" time="0.36"></testcase>
  <testcase name="test46MouseUpInDraggingSubsequentSegments_OverEndTerm_AssociativeLink" time="0.5"></testcase>
  <testcase name="test47MouseUpInDraggingSubsequentSegments_OverStartTerm_Supertype" time="0.39"></testcase>
  <testcase name="test48MouseUpInDraggingSubsequentSegments_OverEndTerm_Subtype" time="0.75"></testcase>
  <testcase name="test49MouseMoveInDraggingSubsequentSegments" time="0.438"></testcase>
  <testcase name="test50DeactivateInDraggingSubsequentSegments" time="0.375"></testcase>
  <testcase name="test51MouseMoveInTrackingEndSegmentWithoutDrawing" time="0.343"></testcase>
  <testcase name="test52MouseDownInTrackingEndSegmentWithoutDrawing" time="0.375"></testcase>
  <testcase name="test53DeactivateInTrackingEndSegmentWithoutDrawing" time="0.313"></testcase>
  <testcase name="test54SuitableLocationInDeterminingSubsequentMouseUpLocationSuitability" time="0.406"></testcase>
  <testcase name="test55UnsuitableLocationInDeterminingSubsequentMouseUpLocationSuitability" time="0.344"></testcase>
  <testcase name="test56CompleteInDeterminingSubsequentMouseUpLocationSuitability" time="0.531"></testcase>
  <testcase name="test57DeactivateInDeterminingSubsequentMouseUpLocationSuitability" time="0.281"></testcase>
  <testcase name="test58MouseMoveInMouseUpAtBeginningOfSegment" time="0.297"></testcase>
  <testcase name="test59MouseDownInMouseUpAtBeginningOfSegment" time="0.282"></testcase>
  <testcase name="test60MouseMoveInCreatingSubsequentSegment" time="0.281"></testcase>
  <testcase name="test61MouseDownInCreatingSubsequentSegment" time="0.297"></testcase>
  <testcase name="test62MouseUpInMouseDownTrackingEndSegmentWithoutDrawing" time="0.281"></testcase>
  <testcase name="test63MouseMoveInMouseDownTrackingEndSegmentWithoutDrawing" time="0.312"></testcase>
  <testcase name="test64UnsuitableLocationInCreatingSegmentWithoutMouseMove" time="0.266"></testcase>
  <testcase name="test65OpenDPD" time="0.359"></testcase>
  <testcase name="test66OpenDataTypePackage" time="0.391"></testcase>
  <testcase name="test67OpenFunctionPackage" time="0.391"></testcase>
  <testcase name="test68OpenEEPackage" time="0.343"></testcase>
  <testcase name="test69ExpandEESymbols" time="0.579"></testcase>
  <testcase name="test70CreateNewDTP" time="0.312"></testcase>
  <testcase name="test71OpenNewDTPackage" time="0.313"></testcase>
  <testcase name="test72CreateNewUDT" time="0.281"></testcase>
  <testcase name="test73CreateNewEnumeration" time="0.265"></testcase>
  <testcase name="test74CreateNewEnumerator" time="0.282"></testcase>
  <testcase name="test75RenameEnumerationAndEnumerator" time="0.265"></testcase>
  <testcase name="test76CreateNewDTPinPackage" time="0.282"></testcase>
  <testcase name="test77OpenNewDTPinPackage" time="0.375"></testcase>
  <testcase name="test78CreateNewFP" time="0.265"></testcase>
  <testcase name="test79OpenNewFuncPackage" time="0.313"></testcase>
  <testcase name="test80CreateNewFPinPackage" time="0.265"></testcase>
  <testcase name="test81OpenNewFPinPackage" time="0.375"></testcase>
  <testcase name="test82CreateNewEEP" time="0.282"></testcase>
  <testcase name="test83OpenNewEEPackage" time="0.328"></testcase>
  <testcase name="test84CreateNewEE" time="0.297"></testcase>
  <testcase name="test85CreateNewBridgeOp" time="0.281"></testcase>
  <testcase name="test86CreateNewBridgeParam" time="0.265"></testcase>
  <testcase name="test87CreateNewEEPinPackage" time="0.282"></testcase>
  <testcase name="test88OpenNewEEPinPackage" time="0.375"></testcase>
  <testcase name="test89AddActivityToInitialize" time="0.828"></testcase>
  <testcase name="test90CreateWaypointOnConnectorWithSingleSegment" time="2.984"></testcase>
  <testcase name="test91CreateThenRemoveWaypointOnConnectorWithTwoSegmentsFirstSegment" time="0.813"></testcase>
  <testcase name="test92CreateThenRemoveWaypointOnConnectorWithTwoSegmentsSecondSegment" time="0.734"></testcase>
  <testcase name="test93RemoveWaypointOnConnectorWithTwoSegments" time="0.344"></testcase>
  <testcase name="test94CreateThenRemoveWaypointOnConnectorWithThreeSegmentsFirstSegment" time="0.719"></testcase>
  <testcase name="test95CreateThenRemoveWaypointOnConnectorWithThreeSegmentsMiddleSegment" time="0.703"></testcase>
  <testcase name="test96CreateThenRemoveWaypointOnConnectorWithThreeSegmentsLastSegment" time="0.718"></testcase>
  <testcase name="test97CreateWaypointOnConnectorWithSingleSegment" time="0.375"></testcase>
  <testcase name="test98CreateWaypointOnConnectorWithTwoSegmentsFirstSegment" time="0.391"></testcase>
  <testcase name="test99RemoveWaypointOnConnectorWithTwoSegments" time="0.359"></testcase>
  <testcase name="test100RemoveWaypointOnConnectorWithTwoSegments" time="0.36"></testcase>
  <testcase name="test101SelectSupertype" time="0.328"></testcase>
  <testcase name="test102MoveSupertypeEnd" time="0.359"></testcase>
  <testcase name="test103MoveSubtypeEnd" time="0.36"></testcase>
  <testcase name="test104SelectAssociative" time="0.312"></testcase>
  <testcase name="test105SelectMainAssociation" time="0.328"></testcase>
  <testcase name="test106BendAssociative" time="0.375"></testcase>
  <testcase name="test107BendMainAssociation" time="0.407"></testcase>
  <testcase name="test108BendSupertype" time="0.375"></testcase>
  <testcase name="test109BendSubtype" time="0.39"></testcase>
  <testcase name="test110issue398BendAssociationAfterLinkClassRemoval" time="1.031"></testcase>
  <testcase name="test111issue507DeleteClassInlinkedAssoc" time="0.516"></testcase>
  <testcase name="test112issue507DeleteClassInlinkedAssoc" time="0.672"></testcase>
  <system-out><![CDATA[]]></system-out>
  <system-err><![CDATA[]]></system-err>
</testsuite>
