<?xml version="1.0" encoding="UTF-8" ?>
<testsuite name="IOMdlTestSuite" tests="4" failures="0" errors="0" time="2.768">
  <properties>
[...]
</properties>
  <testcase name="testCreateNestedDTP" time="1.71"></testcase>
  <testcase name="testCreateNestedFP" time="0.315"></testcase>
  <testcase name="testCreateNestedEEP" time="0.336"></testcase>
  <testcase name="testCreateNestedSS" time="0.407"></testcase>
  <system-out><![CDATA[]]></system-out>
  <system-err><![CDATA[]]></system-err>
</testsuite>
