<?xml version="1.0" encoding="UTF-8"?>
<testrun name="bp4 - Debug - Verifier Test 2" project="com.mentor.nucleus.bp.debug.ui.test" tests="9" started="9" failures="4" errors="0" ignored="0">
  <testsuite name="VerifierTestSuite2" time="104.059">
    <testsuite name="com.mentor.nucleus.bp.debug.engine.VerifierMessageTest" time="34.292">
      <testcase name="testDeclaredToDeclaredRootToRoot" classname="com.mentor.nucleus.bp.debug.engine.VerifierMessageTest" time="17.8"/>
      <testcase name="testDeclaredToReferencedRootToRoot" classname="com.mentor.nucleus.bp.debug.engine.VerifierMessageTest" time="5.071"/>
      <testcase name="testReferencedToDeclaredRootToRoot" classname="com.mentor.nucleus.bp.debug.engine.VerifierMessageTest" time="6.678">
        <failure>
          <expected>Simulation started.&#13;
User invoked function: test&#13;
LogInfo:  Test Provider::executeOpTest() entered&#13;
LogInfo:  Referenced Operation Test: pingRequirer entered&#13;
LogInfo:  Referenced Operation Test: pingProvider entered&#13;
LogInfo:  Referenced Operation Test: pingRequirerS entered&#13;
LogInfo:  Referenced Operation Test: pingProviderS entered&#13;
LogInfo:  Test Provider::replyToProvider() entered from pingRequirerS&#13;
LogInfo:  Test Library::Test Requirer::replyToRequirer() entered from pingProviderS&#13;
LogInfo:  Test Provider::replyToProvider() entered from pingRequirer&#13;
LogInfo:  Referenced Operation Test: Passed.&#13;
LogInfo:  Test Provider::executeSignalTest() entered&#13;
LogInfo:  Test Library::Test Requirer::replyToRequirer() entered from pingProvider&#13;
LogInfo:  Test Library::Test Requirer::replyToRequirer() entered from execute&#13;
LogInfo:  Referenced Signal Test: pingRequirerSig entered&#13;
LogInfo:  Referenced Signal Test: pingProviderSig entered&#13;
LogInfo:  Test Library::Test Requirer::replyToRequirer() entered from execute&#13;
LogInfo:  Test Provider::replyToProvider() entered from pingRequirerSig&#13;
LogInfo:  Referenced Signal Test: pingRequirerSigS entered&#13;
LogInfo:  Referenced Signal Test: pingProviderSigS entered&#13;
LogInfo:  Test Library::Test Requirer::replyToRequirer() entered from pingProviderSig&#13;
LogInfo:  Test Provider::replyToProvider() entered from pingRequirerSigS&#13;
LogInfo:  Test Library::Test Requirer::replyToRequirer() entered from pingProviderSigS&#13;
LogInfo:  Referenced Signal Test: Passed.&#13;
</expected>
          <actual>Simulation started.&#13;
User invoked function: test&#13;
LogInfo:  Test Provider::executeOpTest() entered&#13;
LogInfo:  Error: Dummy Requirer::pingRequirer() should never be invoked.&#13;
LogInfo:  Test Provider::executeSignalTest() entered&#13;
LogInfo:  Test Library::Test Requirer::replyToRequirer() entered from execute&#13;
LogInfo:  Error: Dummy Requirer::pingRequirerSig() should never be invoked.&#13;
LogInfo:  Test Library::Test Requirer::replyToRequirer() entered from execute&#13;
</actual>junit.framework.ComparisonFailure: null expected:&lt;... entered&#13;
LogInfo:  [Referenced Operation Test: pingRequirer entered&#13;
LogInfo:  Referenced Operation Test: pingProvider entered&#13;
LogInfo:  Referenced Operation Test: pingRequirerS entered&#13;
LogInfo:  Referenced Operation Test: pingProviderS entered&#13;
LogInfo:  Test Provider::replyToProvider() entered from pingRequirerS&#13;
LogInfo:  Test Library::Test Requirer::replyToRequirer() entered from pingProviderS&#13;
LogInfo:  Test Provider::replyToProvider() entered from pingRequirer&#13;
LogInfo:  Referenced Operation Test: Passed.&#13;
LogInfo:  Test Provider::executeSignalTest() entered&#13;
LogInfo:  Test Library::Test Requirer::replyToRequirer() entered from pingProvider&#13;
LogInfo:  Test Library::Test Requirer::replyToRequirer() entered from execute&#13;
LogInfo:  Referenced Signal Test: pingRequirerSig entered&#13;
LogInfo:  Referenced Signal Test: pingProviderSig entered&#13;
LogInfo:  Test Library::Test Requirer::replyToRequirer() entered from execute&#13;
LogInfo:  Test Provider::replyToProvider() entered from pingRequirerSig&#13;
LogInfo:  Referenced Signal Test: pingRequirerSigS entered&#13;
LogInfo:  Referenced Signal Test: pingProviderSigS entered&#13;
LogInfo:  Test Library::Test Requirer::replyToRequirer() entered from pingProviderSig&#13;
LogInfo:  Test Provider::replyToProvider() entered from pingRequirerSigS&#13;
LogInfo:  Test Library::Test Requirer::replyToRequirer() entered from pingProviderSigS&#13;
LogInfo:  Referenced Signal Test: Passed.]&#13;
&gt; but was:&lt;... entered&#13;
LogInfo:  [Error: Dummy Requirer::pingRequirer() should never be invoked.&#13;
LogInfo:  Test Provider::executeSignalTest() entered&#13;
LogInfo:  Test Library::Test Requirer::replyToRequirer() entered from execute&#13;
LogInfo:  Error: Dummy Requirer::pingRequirerSig() should never be invoked.&#13;
LogInfo:  Test Library::Test Requirer::replyToRequirer() entered from execute]&#13;
&gt;&#13;
	at junit.framework.Assert.assertEquals(Assert.java:81)&#13;
	at junit.framework.Assert.assertEquals(Assert.java:87)&#13;
	at com.mentor.nucleus.bp.debug.engine.VerifierMessageTest.performMessageTestFromReference(VerifierMessageTest.java:241)&#13;
	at com.mentor.nucleus.bp.debug.engine.VerifierMessageTest.testReferencedToDeclaredRootToRoot(VerifierMessageTest.java:139)&#13;
	at sun.reflect.NativeMethodAccessorImpl.invoke0(Native Method)&#13;
	at sun.reflect.NativeMethodAccessorImpl.invoke(Unknown Source)&#13;
	at sun.reflect.DelegatingMethodAccessorImpl.invoke(Unknown Source)&#13;
	at java.lang.reflect.Method.invoke(Unknown Source)&#13;
	at junit.framework.TestCase.runTest(TestCase.java:168)&#13;
	at junit.framework.TestCase.runBare(TestCase.java:134)&#13;
	at junit.framework.TestResult$1.protect(TestResult.java:110)&#13;
	at junit.framework.TestResult.runProtected(TestResult.java:128)&#13;
	at junit.framework.TestResult.run(TestResult.java:113)&#13;
	at junit.framework.TestCase.run(TestCase.java:124)&#13;
	at junit.framework.TestSuite.runTest(TestSuite.java:243)&#13;
	at junit.framework.TestSuite.run(TestSuite.java:238)&#13;
	at junit.framework.TestSuite.runTest(TestSuite.java:243)&#13;
	at junit.framework.TestSuite.run(TestSuite.java:238)&#13;
	at org.eclipse.jdt.internal.junit.runner.junit3.JUnit3TestReference.run(JUnit3TestReference.java:130)&#13;
	at org.eclipse.jdt.internal.junit.runner.TestExecution.run(TestExecution.java:38)&#13;
	at org.eclipse.jdt.internal.junit.runner.RemoteTestRunner.runTests(RemoteTestRunner.java:467)&#13;
	at org.eclipse.jdt.internal.junit.runner.RemoteTestRunner.runTests(RemoteTestRunner.java:683)&#13;
	at org.eclipse.jdt.internal.junit.runner.RemoteTestRunner.run(RemoteTestRunner.java:390)&#13;
	at org.eclipse.pde.internal.junit.runtime.RemotePluginTestRunner.main(RemotePluginTestRunner.java:62)&#13;
	at org.eclipse.pde.internal.junit.runtime.PlatformUITestHarness$1.run(PlatformUITestHarness.java:47)&#13;
	at org.eclipse.swt.widgets.RunnableLock.run(RunnableLock.java:35)&#13;
	at org.eclipse.swt.widgets.Synchronizer.runAsyncMessages(Synchronizer.java:135)&#13;
	at org.eclipse.swt.widgets.Display.runAsyncMessages(Display.java:4140)&#13;
	at org.eclipse.swt.widgets.Display.readAndDispatch(Display.java:3757)&#13;
	at org.eclipse.ui.internal.Workbench.runEventLoop(Workbench.java:2701)&#13;
	at org.eclipse.ui.internal.Workbench.runUI(Workbench.java:2665)&#13;
	at org.eclipse.ui.internal.Workbench.access$4(Workbench.java:2499)&#13;
	at org.eclipse.ui.internal.Workbench$7.run(Workbench.java:679)&#13;
	at org.eclipse.core.databinding.observable.Realm.runWithDefault(Realm.java:332)&#13;
	at org.eclipse.ui.internal.Workbench.createAndRunWorkbench(Workbench.java:668)&#13;
	at org.eclipse.ui.PlatformUI.createAndRunWorkbench(PlatformUI.java:149)&#13;
	at org.eclipse.ui.internal.ide.application.IDEApplication.start(IDEApplication.java:123)&#13;
	at org.eclipse.pde.internal.junit.runtime.NonUIThreadTestApplication.runApp(NonUIThreadTestApplication.java:54)&#13;
	at org.eclipse.pde.internal.junit.runtime.UITestApplication.runApp(UITestApplication.java:41)&#13;
	at org.eclipse.pde.internal.junit.runtime.NonUIThreadTestApplication.start(NonUIThreadTestApplication.java:48)&#13;
	at org.eclipse.equinox.internal.app.EclipseAppHandle.run(EclipseAppHandle.java:196)&#13;
	at org.eclipse.core.runtime.internal.adaptor.EclipseAppLauncher.runApplication(EclipseAppLauncher.java:110)&#13;
	at org.eclipse.core.runtime.internal.adaptor.EclipseAppLauncher.start(EclipseAppLauncher.java:79)&#13;
	at org.eclipse.core.runtime.adaptor.EclipseStarter.run(EclipseStarter.java:344)&#13;
	at org.eclipse.core.runtime.adaptor.EclipseStarter.run(EclipseStarter.java:179)&#13;
	at sun.reflect.NativeMethodAccessorImpl.invoke0(Native Method)&#13;
	at sun.reflect.NativeMethodAccessorImpl.invoke(Unknown Source)&#13;
	at sun.reflect.DelegatingMethodAccessorImpl.invoke(Unknown Source)&#13;
	at java.lang.reflect.Method.invoke(Unknown Source)&#13;
	at org.eclipse.equinox.launcher.Main.invokeFramework(Main.java:622)&#13;
	at org.eclipse.equinox.launcher.Main.basicRun(Main.java:577)&#13;
	at org.eclipse.equinox.launcher.Main.run(Main.java:1410)&#13;
	at org.eclipse.equinox.launcher.Main.main(Main.java:1386)&#13;
&#13;
</failure>
      </testcase>
      <testcase name="testReferencedToReferencedRootToRoot" classname="com.mentor.nucleus.bp.debug.engine.VerifierMessageTest" time="4.743"/>
    </testsuite>
    <testsuite name="com.mentor.nucleus.bp.debug.engine.VerifierMessageTestGlobals" time="69.767">
      <testcase name="testDeclaredToDeclaredRootToRoot" classname="com.mentor.nucleus.bp.debug.engine.VerifierMessageTestGlobals" time="25.382"/>
      <testcase name="testDeclaredToReferencedRootToRoot" classname="com.mentor.nucleus.bp.debug.engine.VerifierMessageTestGlobals" time="12.309">
        <failure>junit.framework.AssertionFailedError: The execute menu item was not available for a required function.&#13;
	at junit.framework.Assert.fail(Assert.java:47)&#13;
	at junit.framework.Assert.assertTrue(Assert.java:20)&#13;
	at com.mentor.nucleus.bp.debug.engine.VerifierMessageTestGlobals.performMessageTestFromComponent(VerifierMessageTestGlobals.java:467)&#13;
	at com.mentor.nucleus.bp.debug.engine.VerifierMessageTestGlobals.testDeclaredToReferencedRootToRoot(VerifierMessageTestGlobals.java:135)&#13;
	at sun.reflect.NativeMethodAccessorImpl.invoke0(Native Method)&#13;
	at sun.reflect.NativeMethodAccessorImpl.invoke(Unknown Source)&#13;
	at sun.reflect.DelegatingMethodAccessorImpl.invoke(Unknown Source)&#13;
	at java.lang.reflect.Method.invoke(Unknown Source)&#13;
	at junit.framework.TestCase.runTest(TestCase.java:168)&#13;
	at junit.framework.TestCase.runBare(TestCase.java:134)&#13;
	at junit.framework.TestResult$1.protect(TestResult.java:110)&#13;
	at junit.framework.TestResult.runProtected(TestResult.java:128)&#13;
	at junit.framework.TestResult.run(TestResult.java:113)&#13;
	at junit.framework.TestCase.run(TestCase.java:124)&#13;
	at junit.framework.TestSuite.runTest(TestSuite.java:243)&#13;
	at junit.framework.TestSuite.run(TestSuite.java:238)&#13;
	at junit.framework.TestSuite.runTest(TestSuite.java:243)&#13;
	at junit.framework.TestSuite.run(TestSuite.java:238)&#13;
	at org.eclipse.jdt.internal.junit.runner.junit3.JUnit3TestReference.run(JUnit3TestReference.java:130)&#13;
	at org.eclipse.jdt.internal.junit.runner.TestExecution.run(TestExecution.java:38)&#13;
	at org.eclipse.jdt.internal.junit.runner.RemoteTestRunner.runTests(RemoteTestRunner.java:467)&#13;
	at org.eclipse.jdt.internal.junit.runner.RemoteTestRunner.runTests(RemoteTestRunner.java:683)&#13;
	at org.eclipse.jdt.internal.junit.runner.RemoteTestRunner.run(RemoteTestRunner.java:390)&#13;
	at org.eclipse.pde.internal.junit.runtime.RemotePluginTestRunner.main(RemotePluginTestRunner.java:62)&#13;
	at org.eclipse.pde.internal.junit.runtime.PlatformUITestHarness$1.run(PlatformUITestHarness.java:47)&#13;
	at org.eclipse.swt.widgets.RunnableLock.run(RunnableLock.java:35)&#13;
	at org.eclipse.swt.widgets.Synchronizer.runAsyncMessages(Synchronizer.java:135)&#13;
	at org.eclipse.swt.widgets.Display.runAsyncMessages(Display.java:4140)&#13;
	at org.eclipse.swt.widgets.Display.readAndDispatch(Display.java:3757)&#13;
	at org.eclipse.ui.internal.Workbench.runEventLoop(Workbench.java:2701)&#13;
	at org.eclipse.ui.internal.Workbench.runUI(Workbench.java:2665)&#13;
	at org.eclipse.ui.internal.Workbench.access$4(Workbench.java:2499)&#13;
	at org.eclipse.ui.internal.Workbench$7.run(Workbench.java:679)&#13;
	at org.eclipse.core.databinding.observable.Realm.runWithDefault(Realm.java:332)&#13;
	at org.eclipse.ui.internal.Workbench.createAndRunWorkbench(Workbench.java:668)&#13;
	at org.eclipse.ui.PlatformUI.createAndRunWorkbench(PlatformUI.java:149)&#13;
	at org.eclipse.ui.internal.ide.application.IDEApplication.start(IDEApplication.java:123)&#13;
	at org.eclipse.pde.internal.junit.runtime.NonUIThreadTestApplication.runApp(NonUIThreadTestApplication.java:54)&#13;
	at org.eclipse.pde.internal.junit.runtime.UITestApplication.runApp(UITestApplication.java:41)&#13;
	at org.eclipse.pde.internal.junit.runtime.NonUIThreadTestApplication.start(NonUIThreadTestApplication.java:48)&#13;
	at org.eclipse.equinox.internal.app.EclipseAppHandle.run(EclipseAppHandle.java:196)&#13;
	at org.eclipse.core.runtime.internal.adaptor.EclipseAppLauncher.runApplication(EclipseAppLauncher.java:110)&#13;
	at org.eclipse.core.runtime.internal.adaptor.EclipseAppLauncher.start(EclipseAppLauncher.java:79)&#13;
	at org.eclipse.core.runtime.adaptor.EclipseStarter.run(EclipseStarter.java:344)&#13;
	at org.eclipse.core.runtime.adaptor.EclipseStarter.run(EclipseStarter.java:179)&#13;
	at sun.reflect.NativeMethodAccessorImpl.invoke0(Native Method)&#13;
	at sun.reflect.NativeMethodAccessorImpl.invoke(Unknown Source)&#13;
	at sun.reflect.DelegatingMethodAccessorImpl.invoke(Unknown Source)&#13;
	at java.lang.reflect.Method.invoke(Unknown Source)&#13;
	at org.eclipse.equinox.launcher.Main.invokeFramework(Main.java:622)&#13;
	at org.eclipse.equinox.launcher.Main.basicRun(Main.java:577)&#13;
	at org.eclipse.equinox.launcher.Main.run(Main.java:1410)&#13;
	at org.eclipse.equinox.launcher.Main.main(Main.java:1386)&#13;
&#13;
</failure>
      </testcase>
      <testcase name="testReferencedToDeclaredRootToRoot" classname="com.mentor.nucleus.bp.debug.engine.VerifierMessageTestGlobals" time="11.279">
        <failure>junit.framework.AssertionFailedError: Results do not contain expected pass messages
Simulation started.&#13;
User invoked function: set_up&#13;
User invoked function: test&#13;
LogInfo:  Test Provider::executeOpTest() entered&#13;
LogInfo:  Referenced Operation Test: pingRequirer entered&#13;
LogInfo:  Referenced Operation Test: pingProvider entered&#13;
LogInfo:  Referenced Operation Test: pingRequirerS entered&#13;
LogInfo:  Referenced Operation Test: pingProviderS entered&#13;
LogInfo:  Test Provider::replyToProvider() entered from pingRequirerS&#13;
LogInfo:  Test Provider::replyToProvider() entered from pingRequirer&#13;
LogFailure:  By reference argument not updated&#13;
LogInteger:  1&#13;
LogFailure:  By reference array argument not updated&#13;
LogInteger:  2&#13;
LogFailure:  By reference SDT member integer argument not updated&#13;
LogInteger:  3&#13;
LogFailure:  By reference SDT member array argument not updated&#13;
LogInteger:  4&#13;
LogFailure:  By reference SDT member SDT member integer argument not updated&#13;
LogInteger:  5&#13;
LogFailure:  By reference SDT member SDT member string argument not updated&#13;
LogInfo:  pingRequirer&#13;
LogInfo:  Test Provider::executeSignalTest() entered&#13;
LogInfo:  Test Library::Test Requirer::replyToRequirer() entered from pingProviderS&#13;
LogInfo:  Referenced Operation Test: Passed.&#13;
LogInfo:  Test Library::Test Requirer::replyToRequirer() entered from pingProvider&#13;
LogInfo:  Test Library::Test Requirer::replyToRequirer() entered from execute&#13;
LogInfo:  Referenced Signal Test: pingRequirerSig entered&#13;
LogFailure:  Unexpected value in pingRequirerSig: &gt;execute, pingRequirer&lt;&#13;
LogInfo:  Referenced Signal Test: pingProviderSig entered&#13;
LogInfo:  Test Provider::replyToProvider() entered from pingRequirerSig&#13;
LogInfo:  Test Library::Test Requirer::replyToRequirer() entered from execute&#13;
LogInfo:  Referenced Signal Test: pingRequirerSigS entered&#13;
LogInfo:  Referenced Signal Test: pingProviderSigS entered&#13;
LogInteger:  3&#13;
LogInteger:  4&#13;
LogInteger:  6&#13;
LogInteger:  7&#13;
LogInteger:  8&#13;
LogInfo:  pingRequirerSigS&#13;
LogInfo:  Test Provider::replyToProvider() entered from pingRequirerSigS&#13;
LogInfo:  Test Library::Test Requirer::replyToRequirer() entered from pingProviderSig&#13;
LogInfo:  Test Library::Test Requirer::replyToRequirer() entered from pingProviderSigS&#13;
LogInfo:  Referenced Signal Test: Unexpected value(s) found.&#13;
User invoked function: tear_down&#13;
&#13;
	at junit.framework.Assert.fail(Assert.java:47)&#13;
	at com.mentor.nucleus.bp.debug.engine.VerifierMessageTestGlobals.performMessageTestFromReference(VerifierMessageTestGlobals.java:319)&#13;
	at com.mentor.nucleus.bp.debug.engine.VerifierMessageTestGlobals.testReferencedToDeclaredRootToRoot(VerifierMessageTestGlobals.java:141)&#13;
	at sun.reflect.NativeMethodAccessorImpl.invoke0(Native Method)&#13;
	at sun.reflect.NativeMethodAccessorImpl.invoke(Unknown Source)&#13;
	at sun.reflect.DelegatingMethodAccessorImpl.invoke(Unknown Source)&#13;
	at java.lang.reflect.Method.invoke(Unknown Source)&#13;
	at junit.framework.TestCase.runTest(TestCase.java:168)&#13;
	at junit.framework.TestCase.runBare(TestCase.java:134)&#13;
	at junit.framework.TestResult$1.protect(TestResult.java:110)&#13;
	at junit.framework.TestResult.runProtected(TestResult.java:128)&#13;
	at junit.framework.TestResult.run(TestResult.java:113)&#13;
	at junit.framework.TestCase.run(TestCase.java:124)&#13;
	at junit.framework.TestSuite.runTest(TestSuite.java:243)&#13;
	at junit.framework.TestSuite.run(TestSuite.java:238)&#13;
	at junit.framework.TestSuite.runTest(TestSuite.java:243)&#13;
	at junit.framework.TestSuite.run(TestSuite.java:238)&#13;
	at org.eclipse.jdt.internal.junit.runner.junit3.JUnit3TestReference.run(JUnit3TestReference.java:130)&#13;
	at org.eclipse.jdt.internal.junit.runner.TestExecution.run(TestExecution.java:38)&#13;
	at org.eclipse.jdt.internal.junit.runner.RemoteTestRunner.runTests(RemoteTestRunner.java:467)&#13;
	at org.eclipse.jdt.internal.junit.runner.RemoteTestRunner.runTests(RemoteTestRunner.java:683)&#13;
	at org.eclipse.jdt.internal.junit.runner.RemoteTestRunner.run(RemoteTestRunner.java:390)&#13;
	at org.eclipse.pde.internal.junit.runtime.RemotePluginTestRunner.main(RemotePluginTestRunner.java:62)&#13;
	at org.eclipse.pde.internal.junit.runtime.PlatformUITestHarness$1.run(PlatformUITestHarness.java:47)&#13;
	at org.eclipse.swt.widgets.RunnableLock.run(RunnableLock.java:35)&#13;
	at org.eclipse.swt.widgets.Synchronizer.runAsyncMessages(Synchronizer.java:135)&#13;
	at org.eclipse.swt.widgets.Display.runAsyncMessages(Display.java:4140)&#13;
	at org.eclipse.swt.widgets.Display.readAndDispatch(Display.java:3757)&#13;
	at org.eclipse.ui.internal.Workbench.runEventLoop(Workbench.java:2701)&#13;
	at org.eclipse.ui.internal.Workbench.runUI(Workbench.java:2665)&#13;
	at org.eclipse.ui.internal.Workbench.access$4(Workbench.java:2499)&#13;
	at org.eclipse.ui.internal.Workbench$7.run(Workbench.java:679)&#13;
	at org.eclipse.core.databinding.observable.Realm.runWithDefault(Realm.java:332)&#13;
	at org.eclipse.ui.internal.Workbench.createAndRunWorkbench(Workbench.java:668)&#13;
	at org.eclipse.ui.PlatformUI.createAndRunWorkbench(PlatformUI.java:149)&#13;
	at org.eclipse.ui.internal.ide.application.IDEApplication.start(IDEApplication.java:123)&#13;
	at org.eclipse.pde.internal.junit.runtime.NonUIThreadTestApplication.runApp(NonUIThreadTestApplication.java:54)&#13;
	at org.eclipse.pde.internal.junit.runtime.UITestApplication.runApp(UITestApplication.java:41)&#13;
	at org.eclipse.pde.internal.junit.runtime.NonUIThreadTestApplication.start(NonUIThreadTestApplication.java:48)&#13;
	at org.eclipse.equinox.internal.app.EclipseAppHandle.run(EclipseAppHandle.java:196)&#13;
	at org.eclipse.core.runtime.internal.adaptor.EclipseAppLauncher.runApplication(EclipseAppLauncher.java:110)&#13;
	at org.eclipse.core.runtime.internal.adaptor.EclipseAppLauncher.start(EclipseAppLauncher.java:79)&#13;
	at org.eclipse.core.runtime.adaptor.EclipseStarter.run(EclipseStarter.java:344)&#13;
	at org.eclipse.core.runtime.adaptor.EclipseStarter.run(EclipseStarter.java:179)&#13;
	at sun.reflect.NativeMethodAccessorImpl.invoke0(Native Method)&#13;
	at sun.reflect.NativeMethodAccessorImpl.invoke(Unknown Source)&#13;
	at sun.reflect.DelegatingMethodAccessorImpl.invoke(Unknown Source)&#13;
	at java.lang.reflect.Method.invoke(Unknown Source)&#13;
	at org.eclipse.equinox.launcher.Main.invokeFramework(Main.java:622)&#13;
	at org.eclipse.equinox.launcher.Main.basicRun(Main.java:577)&#13;
	at org.eclipse.equinox.launcher.Main.run(Main.java:1410)&#13;
	at org.eclipse.equinox.launcher.Main.main(Main.java:1386)&#13;
&#13;
</failure>
      </testcase>
      <testcase name="testReferencedToReferencedRootToRoot" classname="com.mentor.nucleus.bp.debug.engine.VerifierMessageTestGlobals" time="10.859">
        <failure>junit.framework.AssertionFailedError: Results do not contain expected pass messages
Simulation started.&#13;
User invoked function: set_up&#13;
User invoked function: test&#13;
LogInfo:  Test Library::Test Provider::executeOpTest() entered&#13;
LogInfo:  Referenced Operation Test: pingRequirer entered&#13;
LogInfo:  Referenced Operation Test: pingProvider entered&#13;
LogInfo:  Referenced Operation Test: pingRequirerS entered&#13;
LogInfo:  Referenced Operation Test: pingProviderS entered&#13;
LogInfo:  Test Library::Test Requirer::replyToRequirer() entered from pingProviderS&#13;
LogInfo:  Referenced Operation Test: Passed.&#13;
LogInfo:  Test Library::Test Provider::replyToProvider() entered from pingRequirerS&#13;
LogInfo:  Test Library::Test Provider::replyToProvider() entered from pingRequirer&#13;
LogFailure:  By reference argument not updated&#13;
LogInteger:  1&#13;
LogFailure:  By reference array argument not updated&#13;
LogInteger:  2&#13;
LogFailure:  By reference SDT member integer argument not updated&#13;
LogInteger:  3&#13;
LogFailure:  By reference SDT member array argument not updated&#13;
LogInteger:  4&#13;
LogFailure:  By reference SDT member SDT member integer argument not updated&#13;
LogInteger:  5&#13;
LogFailure:  By reference SDT member SDT member string argument not updated&#13;
LogInfo:  pingRequirer&#13;
LogInfo:  Test Library::Test Requirer::replyToRequirer() entered from pingProvider&#13;
LogInfo:  Test Library::Test Provider::executeSignalTest() entered&#13;
LogInfo:  Test Library::Test Requirer::replyToRequirer() entered from execute&#13;
LogInfo:  Referenced Signal Test: pingRequirerSig entered&#13;
LogFailure:  Unexpected value in pingRequirerSig: &gt;execute, pingRequirer&lt;&#13;
LogInfo:  Test Library::Test Requirer::replyToRequirer() entered from execute&#13;
LogInfo:  Referenced Signal Test: pingProviderSig entered&#13;
LogInfo:  Test Library::Test Provider::replyToProvider() entered from pingRequirerSig&#13;
LogInfo:  Referenced Signal Test: pingRequirerSigS entered&#13;
LogInfo:  Test Library::Test Requirer::replyToRequirer() entered from pingProviderSig&#13;
LogInfo:  Referenced Signal Test: pingProviderSigS entered&#13;
LogInteger:  3&#13;
LogInteger:  4&#13;
LogInteger:  6&#13;
LogInteger:  7&#13;
LogInteger:  8&#13;
LogInfo:  pingRequirerSigS&#13;
LogInfo:  Test Library::Test Provider::replyToProvider() entered from pingRequirerSigS&#13;
LogInfo:  Referenced Signal Test: Unexpected value(s) found.&#13;
User invoked function: tear_down&#13;
&#13;
	at junit.framework.Assert.fail(Assert.java:47)&#13;
	at com.mentor.nucleus.bp.debug.engine.VerifierMessageTestGlobals.performMessageTestFromReference(VerifierMessageTestGlobals.java:319)&#13;
	at com.mentor.nucleus.bp.debug.engine.VerifierMessageTestGlobals.testReferencedToReferencedRootToRoot(VerifierMessageTestGlobals.java:149)&#13;
	at sun.reflect.NativeMethodAccessorImpl.invoke0(Native Method)&#13;
	at sun.reflect.NativeMethodAccessorImpl.invoke(Unknown Source)&#13;
	at sun.reflect.DelegatingMethodAccessorImpl.invoke(Unknown Source)&#13;
	at java.lang.reflect.Method.invoke(Unknown Source)&#13;
	at junit.framework.TestCase.runTest(TestCase.java:168)&#13;
	at junit.framework.TestCase.runBare(TestCase.java:134)&#13;
	at junit.framework.TestResult$1.protect(TestResult.java:110)&#13;
	at junit.framework.TestResult.runProtected(TestResult.java:128)&#13;
	at junit.framework.TestResult.run(TestResult.java:113)&#13;
	at junit.framework.TestCase.run(TestCase.java:124)&#13;
	at junit.framework.TestSuite.runTest(TestSuite.java:243)&#13;
	at junit.framework.TestSuite.run(TestSuite.java:238)&#13;
	at junit.framework.TestSuite.runTest(TestSuite.java:243)&#13;
	at junit.framework.TestSuite.run(TestSuite.java:238)&#13;
	at org.eclipse.jdt.internal.junit.runner.junit3.JUnit3TestReference.run(JUnit3TestReference.java:130)&#13;
	at org.eclipse.jdt.internal.junit.runner.TestExecution.run(TestExecution.java:38)&#13;
	at org.eclipse.jdt.internal.junit.runner.RemoteTestRunner.runTests(RemoteTestRunner.java:467)&#13;
	at org.eclipse.jdt.internal.junit.runner.RemoteTestRunner.runTests(RemoteTestRunner.java:683)&#13;
	at org.eclipse.jdt.internal.junit.runner.RemoteTestRunner.run(RemoteTestRunner.java:390)&#13;
	at org.eclipse.pde.internal.junit.runtime.RemotePluginTestRunner.main(RemotePluginTestRunner.java:62)&#13;
	at org.eclipse.pde.internal.junit.runtime.PlatformUITestHarness$1.run(PlatformUITestHarness.java:47)&#13;
	at org.eclipse.swt.widgets.RunnableLock.run(RunnableLock.java:35)&#13;
	at org.eclipse.swt.widgets.Synchronizer.runAsyncMessages(Synchronizer.java:135)&#13;
	at org.eclipse.swt.widgets.Display.runAsyncMessages(Display.java:4140)&#13;
	at org.eclipse.swt.widgets.Display.readAndDispatch(Display.java:3757)&#13;
	at org.eclipse.ui.internal.Workbench.runEventLoop(Workbench.java:2701)&#13;
	at org.eclipse.ui.internal.Workbench.runUI(Workbench.java:2665)&#13;
	at org.eclipse.ui.internal.Workbench.access$4(Workbench.java:2499)&#13;
	at org.eclipse.ui.internal.Workbench$7.run(Workbench.java:679)&#13;
	at org.eclipse.core.databinding.observable.Realm.runWithDefault(Realm.java:332)&#13;
	at org.eclipse.ui.internal.Workbench.createAndRunWorkbench(Workbench.java:668)&#13;
	at org.eclipse.ui.PlatformUI.createAndRunWorkbench(PlatformUI.java:149)&#13;
	at org.eclipse.ui.internal.ide.application.IDEApplication.start(IDEApplication.java:123)&#13;
	at org.eclipse.pde.internal.junit.runtime.NonUIThreadTestApplication.runApp(NonUIThreadTestApplication.java:54)&#13;
	at org.eclipse.pde.internal.junit.runtime.UITestApplication.runApp(UITestApplication.java:41)&#13;
	at org.eclipse.pde.internal.junit.runtime.NonUIThreadTestApplication.start(NonUIThreadTestApplication.java:48)&#13;
	at org.eclipse.equinox.internal.app.EclipseAppHandle.run(EclipseAppHandle.java:196)&#13;
	at org.eclipse.core.runtime.internal.adaptor.EclipseAppLauncher.runApplication(EclipseAppLauncher.java:110)&#13;
	at org.eclipse.core.runtime.internal.adaptor.EclipseAppLauncher.start(EclipseAppLauncher.java:79)&#13;
	at org.eclipse.core.runtime.adaptor.EclipseStarter.run(EclipseStarter.java:344)&#13;
	at org.eclipse.core.runtime.adaptor.EclipseStarter.run(EclipseStarter.java:179)&#13;
	at sun.reflect.NativeMethodAccessorImpl.invoke0(Native Method)&#13;
	at sun.reflect.NativeMethodAccessorImpl.invoke(Unknown Source)&#13;
	at sun.reflect.DelegatingMethodAccessorImpl.invoke(Unknown Source)&#13;
	at java.lang.reflect.Method.invoke(Unknown Source)&#13;
	at org.eclipse.equinox.launcher.Main.invokeFramework(Main.java:622)&#13;
	at org.eclipse.equinox.launcher.Main.basicRun(Main.java:577)&#13;
	at org.eclipse.equinox.launcher.Main.run(Main.java:1410)&#13;
	at org.eclipse.equinox.launcher.Main.main(Main.java:1386)&#13;
&#13;
</failure>
      </testcase>
      <testcase name="testReferencedToReferencedJarredRootToRoot" classname="com.mentor.nucleus.bp.debug.engine.VerifierMessageTestGlobals" time="9.938"/>
    </testsuite>
  </testsuite>
</testrun>
