<?xml version="1.0" encoding="UTF-8" ?>
<testsuite name="CompareTestSuite" tests="8" failures="1" errors="0" time="56.031">
  <properties>
[...]
</properties>
  <testcase name="testCompareTwoDifferentSQLFiles" time="7.562"></testcase>
  <testcase name="testCompareTwoSimilarSQLFiles" time="3.86"></testcase>
  <testcase name="testGenerateTextForSQLFile" time="1.64">
    <failure message="expected:&lt;0&gt; but was:&lt;22&gt;" type="junit.framework.AssertionFailedError">junit.framework.AssertionFailedError: expected:&lt;0&gt; but was:&lt;22&gt;
	at com.projtech.bp.compare.test.cases.GenerateComparisonTextTest.testGenerateTextForSQLFile(GenerateComparisonTextTest.java:56)
	at sun.reflect.NativeMethodAccessorImpl.invoke0(Native Method)
	at sun.reflect.NativeMethodAccessorImpl.invoke(NativeMethodAccessorImpl.java:39)
	at sun.reflect.DelegatingMethodAccessorImpl.invoke(DelegatingMethodAccessorImpl.java:25)
	at org.eclipse.test.EclipseTestRunner.run(EclipseTestRunner.java:320)
	at org.eclipse.test.EclipseTestRunner.run(EclipseTestRunner.java:199)
	at org.eclipse.test.EclipseTestRunner.main(EclipseTestRunner.java:134)
	at org.eclipse.test.UITestApplication.runTests(UITestApplication.java:45)
	at org.eclipse.test.UITestApplication.runEventLoop(UITestApplication.java:39)
	at org.eclipse.ui.internal.Workbench.run(Workbench.java:1385)
	at org.eclipse.core.internal.boot.InternalBootLoader.run(InternalBootLoader.java:858)
	at org.eclipse.core.boot.BootLoader.run(BootLoader.java:461)
	at sun.reflect.NativeMethodAccessorImpl.invoke0(Native Method)
	at sun.reflect.NativeMethodAccessorImpl.invoke(NativeMethodAccessorImpl.java:39)
	at sun.reflect.DelegatingMethodAccessorImpl.invoke(DelegatingMethodAccessorImpl.java:25)
	at org.eclipse.core.launcher.Main.basicRun(Main.java:291)
	at org.eclipse.core.launcher.Main.run(Main.java:747)
	at org.eclipse.core.launcher.Main.main(Main.java:583)
</failure>
  </testcase>
  <testcase name="testModelInspectorTime" time="2.516"></testcase>
  <testcase name="testPEIFileCoverage" time="0.0"></testcase>
  <testcase name="testAttributeCoverageinPEI" time="0.015"></testcase>
  <testcase name="testModelCacheModelCount" time="0.0"></testcase>
  <testcase name="testFileDeletion" time="40.422"></testcase>
  <system-out><![CDATA[]]></system-out>
  <system-err><![CDATA[]]></system-err>
</testsuite>
