<?xml version="1.0" encoding="UTF-8" ?>
<testsuite name="CompareTestSuite" tests="10" failures="0" errors="0" time="50.824">
  <properties>
[...]
</properties>
  <testcase name="testCompareTwoDifferentSQLFiles" time="7.07"></testcase>
  <testcase name="testCompareTwoSimilarSQLFiles" time="3.676"></testcase>
  <testcase name="testGenerateTextForSQLFile" time="1.512"></testcase>
  <testcase name="testModelInspectorTime" time="2.173"></testcase>
  <testcase name="testPEIFileCoverage" time="0.01"></testcase>
  <testcase name="testAttributeCoverageinPEI" time="0.01"></testcase>
  <testcase name="testModelCacheModelCount" time="0.0"></testcase>
  <testcase name="testFileDeletion" time="35.722"></testcase>
  <testcase name="testCompareCreationTransitionDifference" time="0.19"></testcase>
  <testcase name="testTreeSorting" time="0.451"></testcase>
  <system-out><![CDATA[]]></system-out>
  <system-err><![CDATA[]]></system-err>
</testsuite>
