<?xml version="1.0" encoding="UTF-8" ?>
<testsuite name="CoreTestSuite" tests="474" failures="0" errors="0" time="79.175">
  <properties>
[...]
</properties>
  <testcase name="testModelClassNumbering" time="0.1"></testcase>
  <testcase name="testAssociationNumbering" time="0.05"></testcase>
  <testcase name="testInstanceStatesNumbering" time="0.03"></testcase>
  <testcase name="testClassStatesNumbering" time="0.01"></testcase>
  <testcase name="testInstanceEventsNumbering" time="0.06"></testcase>
  <testcase name="testClassEventsNumbering" time="0.03"></testcase>
  <testcase name="testDomainDispose" time="0.08"></testcase>
  <testcase name="testSubsystemDispose" time="0.04"></testcase>
  <testcase name="testExternalEntityDispose" time="0.031"></testcase>
  <testcase name="testExternalEntityinModelDispose" time="0.01"></testcase>
  <testcase name="testExternalEntityDataItemDispose" time="0.0"></testcase>
  <testcase name="testExternalEntityEventDispose" time="0.01"></testcase>
  <testcase name="testExternalEntityEventDataItemDispose" time="0.01"></testcase>
  <testcase name="testUserDataTypeDispose" time="0.0"></testcase>
  <testcase name="testBridgeDispose" time="0.02"></testcase>
  <testcase name="testBridgeParameterDispose" time="0.0"></testcase>
  <testcase name="testExternalEntityEventDataDispose" time="0.0"></testcase>
  <testcase name="testEnumerationDataTypeDispose" time="0.0"></testcase>
  <testcase name="testEnumeratorDispose" time="0.01"></testcase>
  <testcase name="testFunctionDispose" time="0.0"></testcase>
  <testcase name="testFunctionParameterDispose" time="0.0"></testcase>
  <testcase name="testFunctionPackageDispose" time="0.0"></testcase>
  <testcase name="testExternalEntityPackageDispose" time="0.0"></testcase>
  <testcase name="testDatatypePackageDispose" time="0.0"></testcase>
  <testcase name="testSubsysteminSubsystemDispose" time="0.0"></testcase>
  <testcase name="testSimpleAssociationDispose" time="0.0"></testcase>
  <testcase name="testLinkedAssociationDispose" time="0.01"></testcase>
  <testcase name="testSubtypeSupertypeAssociationDispose" time="0.0"></testcase>
  <testcase name="testDerivedAssociationDispose" time="0.0"></testcase>
  <testcase name="testClassAsSimpleParticipantDispose" time="0.0"></testcase>
  <testcase name="testClassAsSimpleFormalizerDispose" time="0.01"></testcase>
  <testcase name="testClassAsAssociatedOneSideDispose" time="0.0"></testcase>
  <testcase name="testClassAsAssociatedOtherSideDispose" time="0.0"></testcase>
  <testcase name="testClassAsLinkDispose" time="0.01"></testcase>
  <testcase name="testClassAsSupertypeDispose" time="0.0"></testcase>
  <testcase name="testClassAsSubtypeDispose" time="0.0"></testcase>
  <testcase name="testClassAsDerivedOneSideDispose" time="0.0"></testcase>
  <testcase name="testClassAsDerivedOtherSideDispose" time="0.01"></testcase>
  <testcase name="testClassInAssociationDisposeReferredToClassinAssoc" time="0.01"></testcase>
  <testcase name="testClassInAssociationDisposeReferringClassInAssoc" time="0.0"></testcase>
  <testcase name="testClassInAssociationDisposeClassAsDerivedOneSide" time="0.0"></testcase>
  <testcase name="testClassInAssociationDisposeClassAsDerivedOtherSide" time="0.0"></testcase>
  <testcase name="testCommunicationPathDisposeEEtoSMCommPath" time="0.0"></testcase>
  <testcase name="testCommunicationPathDisposeSMtoEECommPath" time="0.0"></testcase>
  <testcase name="testCommunicationPathDisposeSMtoSMCommPath" time="0.01"></testcase>
  <testcase name="testEEtoSMCommPathDispose" time="0.0"></testcase>
  <testcase name="testSMtoSMCommPathDispose" time="0.0"></testcase>
  <testcase name="testSMtoEECommPathDispose" time="0.0"></testcase>
  <testcase name="testEEtoSMEventCommDispose" time="0.0"></testcase>
  <testcase name="testSMtoSMEventCommDispose" time="0.0"></testcase>
  <testcase name="testSMtoEEEventCommDispose" time="0.01"></testcase>
  <testcase name="testAccessPathDisposeSMtoOBJAccessPath" time="0.0"></testcase>
  <testcase name="testAccessPathDisposeSMtoEEAccessPath" time="0.0"></testcase>
  <testcase name="testSMtoOBJAccessPathDispose" time="0.0"></testcase>
  <testcase name="testSMtoEEAccessPathDispose" time="0.0"></testcase>
  <testcase name="testSMtoOBJAttributeAccessDispose" time="0.0"></testcase>
  <testcase name="testSMtoEEDataItemAccessDispose" time="0.0"></testcase>
  <testcase name="testStateMachineDisposeMooreStateMachineInstanceStateMachine" time="0.03"></testcase>
  <testcase name="testStateMachineDisposeMooreStateMachineClassStateMachine" time="0.01"></testcase>
  <testcase name="testStateMachineStateDispose" time="0.01"></testcase>
  <testcase name="testStateEventMatrixEntryDisposeEventIgnored" time="0.01"></testcase>
  <testcase name="testStateEventMatrixEntryDisposeCantHappen" time="0.0"></testcase>
  <testcase name="testStateEventMatrixEntryDisposeNewStateTransition" time="0.0"></testcase>
  <testcase name="testMooreStateMachineDispose" time="0.0"></testcase>
  <testcase name="testMooreActionHomeDispose" time="0.0"></testcase>
  <testcase name="testActionHomeDisposeMooreActionHome" time="0.01"></testcase>
  <testcase name="testActionDispose" time="0.0"></testcase>
  <testcase name="testStateMachineEventDataItemDispose" time="0.0"></testcase>
  <testcase name="testEventSupplementalDataDispose" time="0.0"></testcase>
  <testcase name="testSupplementalDataItemsDispose" time="0.0"></testcase>
  <testcase name="testLocalEventDispose" time="0.0"></testcase>
  <testcase name="testOperationDispose" time="0.02"></testcase>
  <testcase name="testOperationParameterDispose" time="0.0"></testcase>
  <testcase name="testModelClassDispose" time="0.02"></testcase>
  <testcase name="testReferentialAttributeDispose" time="0.02"></testcase>
  <testcase name="testDerivedBaseAttributeDispose" time="0.0"></testcase>
  <testcase name="testNewBaseAttributeDispose" time="0.0"></testcase>
  <testcase name="testAttributeReferenceinClassDispose" time="0.01"></testcase>
  <testcase name="testClassIdentifierDispose" time="0.0"></testcase>
  <testcase name="testClassIdentifierAttributeDispose" time="0.0"></testcase>
  <testcase name="testImportedClassDispose" time="0.0"></testcase>
  <testcase name="testReferredToIdentifierAttributeDispose" time="0.01"></testcase>
  <testcase name="testBlockDispose" time="0.08"></testcase>
  <testcase name="testForStmtDispose" time="0.0"></testcase>
  <testcase name="testIfStmtDispose" time="0.01"></testcase>
  <testcase name="testElseStmtDispose" time="0.0"></testcase>
  <testcase name="testWhileStmtDispose" time="0.0"></testcase>
  <testcase name="testElseIfStmtDispose" time="0.0"></testcase>
  <testcase name="testControlDispose" time="0.0"></testcase>
  <testcase name="testBreakDispose" time="0.0"></testcase>
  <testcase name="testContinueDispose" time="0.0"></testcase>
  <testcase name="testStateActionBodyDispose" time="0.0"></testcase>
  <testcase name="testDerivedAttributeBodyDispose" time="0.0"></testcase>
  <testcase name="testFunctionBodyDispose" time="0.0"></testcase>
  <testcase name="testOperationBodyDispose" time="0.01"></testcase>
  <testcase name="testBridgeBodyDispose" time="0.06"></testcase>
  <testcase name="testActualParameterDispose" time="0.01"></testcase>
  <testcase name="testBinaryOperationDispose" time="0.0"></testcase>
  <testcase name="testEventDatumValueDispose" time="0.0"></testcase>
  <testcase name="testOperationValueDispose" time="0.0"></testcase>
  <testcase name="testUnaryOperationDispose" time="0.0"></testcase>
  <testcase name="testAttributeValueDispose" time="0.0"></testcase>
  <testcase name="testBridgeValueDispose" time="0.01"></testcase>
  <testcase name="testSelectedReferenceDispose" time="0.0"></testcase>
  <testcase name="testParameterValueDispose" time="0.0"></testcase>
  <testcase name="testFunctionValueDispose" time="0.0"></testcase>
  <testcase name="testAssigntoAttributeDispose" time="0.0"></testcase>
  <testcase name="testCreateNoVariableDispose" time="0.0"></testcase>
  <testcase name="testAssigntoTransientDispose" time="0.0"></testcase>
  <testcase name="testCreateDispose" time="0.0"></testcase>
  <testcase name="testDeleteDispose" time="0.0"></testcase>
  <testcase name="testAssigntoParameterDispose" time="0.0"></testcase>
  <testcase name="testRelateDispose" time="0.0"></testcase>
  <testcase name="testUnrelateDispose" time="0.0"></testcase>
  <testcase name="testUnrelateUsingDispose" time="0.01"></testcase>
  <testcase name="testRelateUsingDispose" time="0.0"></testcase>
  <testcase name="testSelectFromInstancesDispose" time="0.0"></testcase>
  <testcase name="testSelectFromInstancesWhereDispose" time="0.0"></testcase>
  <testcase name="testChainLinkDispose" time="0.0"></testcase>
  <testcase name="testReturnStmtDispose" time="0.0"></testcase>
  <testcase name="testBridgeInvocationDispose" time="0.0"></testcase>
  <testcase name="testOperationInvocationDispose" time="0.0"></testcase>
  <testcase name="testFunctionInvocationDispose" time="0.01"></testcase>
  <testcase name="testGenerateDispose" time="0.0"></testcase>
  <testcase name="testGeneratetoClassDispose" time="0.01"></testcase>
  <testcase name="testGeneratetoExternalEntityDispose" time="0.0"></testcase>
  <testcase name="testGeneratePreexistingEventDispose" time="0.0"></testcase>
  <testcase name="testCreateEventtoInstanceDispose" time="0.0"></testcase>
  <testcase name="testCreateEventtoClassDispose" time="0.0"></testcase>
  <testcase name="testCreateEventtoExternalEntityDispose" time="0.0"></testcase>
  <testcase name="testCreateEventtoCreatorDispose" time="0.01"></testcase>
  <testcase name="testGeneratetoCreatorDispose" time="0.0"></testcase>
  <testcase name="testCreateEventStatementDisposeCreateEventtoExternalEntity" time="0.01"></testcase>
  <testcase name="testCreateEventStatementDisposeCreateSMEventStatement" time="0.0"></testcase>
  <testcase name="testGenerateEventStatementDisposeGeneratetoExternalEntity" time="0.01"></testcase>
  <testcase name="testGenerateEventStatementDisposeGenerateSMEventStatement" time="0.0"></testcase>
  <testcase name="testCreateSMEventStatementDisposeCreateEventtoInstance" time="0.0"></testcase>
  <testcase name="testCreateSMEventStatementDisposeCreateEventtoClass" time="0.0"></testcase>
  <testcase name="testCreateSMEventStatementDisposeCreateEventtoCreator" time="0.0"></testcase>
  <testcase name="testGenerateSMEventStatementDisposeGenerate" time="0.0"></testcase>
  <testcase name="testGenerateSMEventStatementDisposeGeneratetoClass" time="0.0"></testcase>
  <testcase name="testGenerateSMEventStatementDisposeGeneratetoCreator" time="0.0"></testcase>
  <testcase name="testNewS_DOMDatatypePackage" time="0.03"></testcase>
  <testcase name="testNewS_DOMFunctionPackage" time="0.01"></testcase>
  <testcase name="testNewS_DOMExternalEntityPackage" time="0.0"></testcase>
  <testcase name="testNewS_DOMSubsystem" time="0.01"></testcase>
  <testcase name="testNewS_DPKDatatypePackage" time="0.01"></testcase>
  <testcase name="testNewS_DPKDatatype" time="0.0"></testcase>
  <testcase name="testNewS_DPKEnumeration" time="0.0"></testcase>
  <testcase name="testNewS_EDTEnumerator" time="0.01"></testcase>
  <testcase name="testNewS_FPKFunctionPackage" time="0.0"></testcase>
  <testcase name="testNewS_FPKFunction" time="0.02"></testcase>
  <testcase name="testNewS_SYNCParameter" time="0.0"></testcase>
  <testcase name="testNewS_EEPKExternalEntityPackage" time="0.01"></testcase>
  <testcase name="testNewS_EEPKExternalEntity" time="0.01"></testcase>
  <testcase name="testNewS_EEBridgeOperation" time="0.01"></testcase>
  <testcase name="testNewS_BRGParameter" time="0.0"></testcase>
  <testcase name="testNewS_SSSubsystem" time="0.01"></testcase>
  <testcase name="testNewS_SSClass" time="0.01"></testcase>
  <testcase name="testNewO_OBJAttribute" time="0.011"></testcase>
  <testcase name="testNewO_OBJOperation" time="0.01"></testcase>
  <testcase name="testNewO_TFRParameter" time="0.0"></testcase>
  <testcase name="testNewO_OBJInstanceStatechart" time="0.02"></testcase>
  <testcase name="testNewSM_SMDataItem" time="0.01"></testcase>
  <testcase name="testNewSM_ISMState" time="0.01"></testcase>
  <testcase name="testNewSM_ISMEvent" time="0.01"></testcase>
  <testcase name="testNewO_OBJClassStatechart" time="0.01"></testcase>
  <testcase name="testNewSM_ASMState" time="0.01"></testcase>
  <testcase name="testNewSM_ASMEvent" time="0.02"></testcase>
  <testcase name="testDeleteS_DOM" time="0.01"></testcase>
  <testcase name="testDeleteS_DPK" time="0.0"></testcase>
  <testcase name="testDeleteS_UDT" time="0.0"></testcase>
  <testcase name="testDeleteS_EDT" time="0.0"></testcase>
  <testcase name="testDeleteS_ENUM" time="0.01"></testcase>
  <testcase name="testDeleteS_FPK" time="0.0"></testcase>
  <testcase name="testDeleteS_SYNC" time="0.0"></testcase>
  <testcase name="testDeleteS_SPARM" time="0.0"></testcase>
  <testcase name="testDeleteS_EEPK" time="0.0"></testcase>
  <testcase name="testDeleteS_EE" time="0.0"></testcase>
  <testcase name="testDeleteS_BRG" time="0.0"></testcase>
  <testcase name="testDeleteS_BPARM" time="0.0"></testcase>
  <testcase name="testDeleteS_SS" time="0.0"></testcase>
  <testcase name="testDeleteO_OBJ" time="0.0"></testcase>
  <testcase name="testDeleteO_ATTR" time="0.0"></testcase>
  <testcase name="testDeleteO_TFR" time="0.0"></testcase>
  <testcase name="testDeleteO_TPARM" time="0.0"></testcase>
  <testcase name="testDeleteSM_ISM" time="0.01"></testcase>
  <testcase name="testDeleteSM_EVT" time="0.0"></testcase>
  <testcase name="testDeleteSM_EVTDI" time="0.0"></testcase>
  <testcase name="testDeleteSM_ASM" time="0.0"></testcase>
  <testcase name="testDeleteSM_STATE" time="0.0"></testcase>
  <testcase name="testDeleteO_IOBJ" time="0.01"></testcase>
  <testcase name="testDeleteR_REL" time="0.0"></testcase>
  <testcase name="testDeleteSM_TXN" time="0.0"></testcase>
  <testcase name="testDeleteR_ASSR" time="0.0"></testcase>
  <testcase name="testDeleteR_SUB" time="0.0"></testcase>
  <testcase name="testRenameS_DOM" time="2.123"></testcase>
  <testcase name="testRenameS_DPK" time="0.03"></testcase>
  <testcase name="testRenameS_UDT" time="0.04"></testcase>
  <testcase name="testRenameS_EDT" time="0.04"></testcase>
  <testcase name="testRenameS_ENUM" time="0.03"></testcase>
  <testcase name="testRenameS_FPK" time="0.03"></testcase>
  <testcase name="testRenameS_SYNC" time="0.03"></testcase>
  <testcase name="testRenameS_SPARM" time="0.02"></testcase>
  <testcase name="testRenameS_EEPK" time="0.05"></testcase>
  <testcase name="testRenameS_EE" time="0.03"></testcase>
  <testcase name="testRenameS_BRG" time="0.02"></testcase>
  <testcase name="testRenameS_BPARM" time="0.02"></testcase>
  <testcase name="testRenameS_SS" time="0.02"></testcase>
  <testcase name="testRenameO_OBJ" time="0.02"></testcase>
  <testcase name="testRenameO_ATTR" time="0.02"></testcase>
  <testcase name="testRenameO_TFR" time="0.02"></testcase>
  <testcase name="testRenameO_TPARM" time="0.02"></testcase>
  <testcase name="testRenameSM_EVT" time="0.03"></testcase>
  <testcase name="testRenameSM_EVTDI" time="0.021"></testcase>
  <testcase name="testRenameSM_STATE" time="0.02"></testcase>
  <testcase name="testActionGetName" time="0.0"></testcase>
  <testcase name="testClassAsAssociatedOneSideGetName" time="0.0"></testcase>
  <testcase name="testClassAsAssociatedOtherSideGetName" time="0.0"></testcase>
  <testcase name="testClassAsSimpleParticipantGetName" time="0.0"></testcase>
  <testcase name="testClassAsSupertypeGetName" time="0.0"></testcase>
  <testcase name="testClassAsDerivedOneSideGetName" time="0.0"></testcase>
  <testcase name="testClassAsDerivedOtherSideGetName" time="0.01"></testcase>
  <testcase name="testClassAsLinkGetName" time="0.0"></testcase>
  <testcase name="testClassAsSimpleFormalizerGetName" time="0.0"></testcase>
  <testcase name="testClassAsSubtypeGetName" time="0.0"></testcase>
  <testcase name="testClassIdentifierGetName" time="0.0"></testcase>
  <testcase name="testCoreDataTypeGetName" time="0.0"></testcase>
  <testcase name="testDerivedAssociationGetName" time="0.0"></testcase>
  <testcase name="testEventSupplementalDataGetNameLocalEmpty" time="0.0"></testcase>
  <testcase name="testEventSupplementalDataGetNameLocalOne" time="0.0"></testcase>
  <testcase name="testEventSupplementalDataGetNameLocalTwo" time="0.0"></testcase>
  <testcase name="testEventSupplementalDataGetNameNonLocalEmpty" time="0.0"></testcase>
  <testcase name="testEventSupplementalDataGetNameNonLocalOne" time="0.0"></testcase>
  <testcase name="testEventSupplementalDataGetNameNonLocalTwo" time="0.0"></testcase>
  <testcase name="testEventSupplementalDataGetNamePolyEmpty" time="0.0"></testcase>
  <testcase name="testEventSupplementalDataGetNamePolyOne" time="0.0"></testcase>
  <testcase name="testEventSupplementalDataGetNamePolyTwo" time="0.0"></testcase>
  <testcase name="testImportedClassGetName" time="0.0"></testcase>
  <testcase name="testNoEventTransitionGetName" time="0.0"></testcase>
  <testcase name="testNonLocalEventGetName" time="0.0"></testcase>
  <testcase name="testReferentialAttributeGetName" time="0.0"></testcase>
  <testcase name="testSupplementalDataItemsGetName" time="0.0"></testcase>
  <testcase name="testImportedObjectObj_Name" time="0.0"></testcase>
  <testcase name="testImportedObjectObj_KL" time="0.0"></testcase>
  <testcase name="testUnassignedImportedObjectObj_Name" time="0.01"></testcase>
  <testcase name="testUnassignedImportedObjectObj_KL" time="0.0"></testcase>
  <testcase name="testBaseAttributeName" time="0.02"></testcase>
  <testcase name="testReferentialAttributeName" time="0.09"></testcase>
  <testcase name="testExternalEntityEventDrv_Lbl" time="0.01"></testcase>
  <testcase name="testStateMachineEventDrv_LblInstance" time="0.03"></testcase>
  <testcase name="testStateMachineEventDrv_LblClass" time="0.05"></testcase>
  <testcase name="testEventSupplementalDataNon_LocalFalse" time="0.0"></testcase>
  <testcase name="testEventSupplementalDataNon_LocalTrue" time="0.01"></testcase>
  <testcase name="testUnassignedImportedClass" time="2.473"></testcase>
  <testcase name="testIOBJ_None" time="0.722"></testcase>
  <testcase name="testIOBJ_REL_Reflex1" time="0.54"></testcase>
  <testcase name="testIOBJ_REL_Reflex2" time="0.281"></testcase>
  <testcase name="testIOBJ_REL_ASSR2" time="0.45"></testcase>
  <testcase name="testIOBJ_REL_OBJ2" time="0.261"></testcase>
  <testcase name="testIOBJ_REL_ASSR5" time="0.44"></testcase>
  <testcase name="testIOBJ_REL_OBJASSR4" time="0.251"></testcase>
  <testcase name="testIOBJ_REL_OBJASSR2" time="0.41"></testcase>
  <testcase name="testIOBJ_REL_IOBJ1" time="0.231"></testcase>
  <testcase name="testIOBJ_REL_ASSR3" time="0.42"></testcase>
  <testcase name="testIOBJ_REL_OBJASSR1" time="0.441"></testcase>
  <testcase name="testIOBJ_REL_OBJASSR6" time="0.481"></testcase>
  <testcase name="testIOBJ_REL_OBJ6" time="0.24"></testcase>
  <testcase name="testIOBJ_REL_ASSR1" time="0.451"></testcase>
  <testcase name="testIOBJ_REL_OBJ3" time="0.25"></testcase>
  <testcase name="testIOBJ_REL_IOBJ3" time="0.381"></testcase>
  <testcase name="testIOBJ_REL_OBJ4" time="0.22"></testcase>
  <testcase name="testIOBJ_REL_OBJ5" time="0.401"></testcase>
  <testcase name="testIOBJ_REL_ASSR4" time="0.26"></testcase>
  <testcase name="testIOBJ_REL_OBJ1" time="0.39"></testcase>
  <testcase name="testIOBJ_REL_ASSR6" time="0.251"></testcase>
  <testcase name="testIOBJ_SUPER_SUB1" time="0.39"></testcase>
  <testcase name="testIOBJ_REL_OBJASSR3" time="0.281"></testcase>
  <testcase name="testIOBJ_REL_OBJASSR5" time="0.42"></testcase>
  <testcase name="testIOBJ_REL_IOBJ2" time="0.201"></testcase>
  <testcase name="testIOBJ_REL_Reflex3" time="0.37"></testcase>
  <testcase name="testIOBJ_SUB_SUPER5" time="0.221"></testcase>
  <testcase name="testIOBJ_SUB_SUPER3" time="0.44"></testcase>
  <testcase name="testIOBJ_SUPER_SUB5" time="0.241"></testcase>
  <testcase name="testIOBJ_ASSR_REL2" time="0.36"></testcase>
  <testcase name="testIOBJ_ASSR_REL4" time="0.2"></testcase>
  <testcase name="testIOBJ_SUPER_SUB3" time="0.371"></testcase>
  <testcase name="testIOBJ_SUPER_None1" time="0.18"></testcase>
  <testcase name="testIOBJ_ASSR_REL1" time="0.411"></testcase>
  <testcase name="testIOBJ_SUPER_SUB4" time="0.18"></testcase>
  <testcase name="testIOBJ_SUB_SUPER1" time="0.361"></testcase>
  <testcase name="testIOBJ_ASSR_REL_Reflex6" time="0.19"></testcase>
  <testcase name="testIOBJ_ASSR_REL_Reflex4" time="0.33"></testcase>
  <testcase name="testIOBJ_SUB_SUPER6" time="0.171"></testcase>
  <testcase name="testIOBJ_ASSR_REL3" time="0.39"></testcase>
  <testcase name="testIOBJ_ASSR_REL5" time="0.23"></testcase>
  <testcase name="testIOBJ_ASSR_REL_Reflex1" time="0.391"></testcase>
  <testcase name="testIOBJ_SUPER_SUB2" time="0.16"></testcase>
  <testcase name="testIOBJ_SUPER_SUB6" time="0.311"></testcase>
  <testcase name="testIOBJ_SUPER_None2" time="0.15"></testcase>
  <testcase name="testIOBJ_SUB_SUPER4" time="0.32"></testcase>
  <testcase name="testIOBJ_ASSR_REL_Reflex3" time="0.221"></testcase>
  <testcase name="testIOBJ_ASSR_REL_Reflex5" time="0.37"></testcase>
  <testcase name="testIOBJ_ASSR_REL_Reflex2" time="0.171"></testcase>
  <testcase name="testIOBJ_SUPER_None3" time="0.3"></testcase>
  <testcase name="testIOBJ_SUB_SUPER2" time="0.14"></testcase>
  <testcase name="testIOBJ_ASSR_REL6" time="0.311"></testcase>
  <testcase name="testREL_IOBJ_Reflex1" time="0.2"></testcase>
  <testcase name="testREL_IOBJ_IOBJ1" time="0.33"></testcase>
  <testcase name="testREL_IOBJ_OBJ1" time="0.161"></testcase>
  <testcase name="testREL_IOBJ_OBJ2" time="0.29"></testcase>
  <testcase name="testREL_OBJ_Reflex1" time="0.13"></testcase>
  <testcase name="testREL_OBJ_Reflex2" time="0.331"></testcase>
  <testcase name="testREL_OBJ_OBJ1" time="0.17"></testcase>
  <testcase name="testREL_OBJ_OBJ2" time="0.28"></testcase>
  <testcase name="testREL_OBJ_IOBJ1" time="0.151"></testcase>
  <testcase name="testREL_OBJ_IOBJ2" time="0.27"></testcase>
  <testcase name="testSUPER_IOBJ_None1" time="0.18"></testcase>
  <testcase name="testSUPER_IOBJ_SUB1" time="0.321"></testcase>
  <testcase name="testSUPER_IOBJ_SUB2" time="0.11"></testcase>
  <testcase name="testSUPER_OBJ_None1" time="0.28"></testcase>
  <testcase name="testSUPER_OBJ_SUB1" time="0.151"></testcase>
  <testcase name="testSUPER_OBJ_SUB2" time="0.27"></testcase>
  <testcase name="testSUB_IOBJ_SUPER1" time="0.22"></testcase>
  <testcase name="testSUB_IOBJ_SUPER2" time="0.261"></testcase>
  <testcase name="testSUB_OBJ_SUPER1" time="0.14"></testcase>
  <testcase name="testSUB_OBJ_SUPER2" time="0.26"></testcase>
  <testcase name="testASSR_IOBJ_REL1" time="0.291"></testcase>
  <testcase name="testASSR_IOBJ_REL2" time="0.31"></testcase>
  <testcase name="testASSR_IOBJ_REL_Reflex1" time="0.22"></testcase>
  <testcase name="testASSR_IOBJ_REL_Reflex2" time="0.301"></testcase>
  <testcase name="testASSR_OBJ_REL_Reflex1" time="0.21"></testcase>
  <testcase name="testASSR_OBJ_REL_Reflex2" time="0.291"></testcase>
  <testcase name="testASSR_OBJ_REL1" time="0.22"></testcase>
  <testcase name="testASSR_OBJ_REL2" time="0.3"></testcase>
  <testcase name="testTXN_STATE_None1" time="0.221"></testcase>
  <testcase name="testTXN_STATE_None2" time="0.28"></testcase>
  <testcase name="testTXN_STATE_STATE1" time="0.11"></testcase>
  <testcase name="testTXN_STATE_STATE2" time="0.251"></testcase>
  <testcase name="testTXN_CREATION_STATE1" time="0.1"></testcase>
  <testcase name="testTXN_CREATION_STATE2" time="0.25"></testcase>
  <testcase name="testFormalizeSimpleAssocOBJ_OBJ" time="1.332"></testcase>
  <testcase name="testFormalizeSimpleAssocOBJ_IOBJ" time="0.391"></testcase>
  <testcase name="testFormalizeSimpleAssocReflexiveOBJ" time="0.19"></testcase>
  <testcase name="testFormalizeSimpleAssocIOBJ_OBJ" time="0.34"></testcase>
  <testcase name="testFormalizeSimpleAssocIOBJ_IOBJ" time="0.201"></testcase>
  <testcase name="testFormalizeSimpleAssocReflexiveIOBJ" time="0.34"></testcase>
  <testcase name="testFormalizeASSROBJ_OBJOBJ" time="0.411"></testcase>
  <testcase name="testFormalizeASSROBJ_IOBJOBJ" time="0.46"></testcase>
  <testcase name="testFormalizeASSROBJ_IOBJIOBJ" time="0.291"></testcase>
  <testcase name="testFormalizeASSRReflexiveOBJ_OBJ" time="0.42"></testcase>
  <testcase name="testFormalizeASSRReflexiveOBJ_IOBJ" time="0.261"></testcase>
  <testcase name="testFormalizeASSRIOBJ_OBJOBJ" time="0.4"></testcase>
  <testcase name="testFormalizeASSRIOBJ_OBJIOBJ" time="0.251"></testcase>
  <testcase name="testFormalizeASSRIOBJ_IOBJIOBJ" time="0.42"></testcase>
  <testcase name="testFormalizeASSRReflexiveIOBJ_OBJ" time="0.291"></testcase>
  <testcase name="testFormalizeASSRReflexiveIOBJ_IOBJ" time="0.41"></testcase>
  <testcase name="testFormalizeSUBSUPOBJ_OBJOBJ" time="0.681"></testcase>
  <testcase name="testFormalizeSUBSUPOBJ_IOBJOBJ" time="0.311"></testcase>
  <testcase name="testFormalizeSUBSUPOBJ_IOBJ_IOBJ" time="0.431"></testcase>
  <testcase name="testFormalizeSUBSUPIOBJ_OBJOBJ" time="0.27"></testcase>
  <testcase name="testFormalizeSUBSUPIOBJ_OBJIOBJ" time="0.441"></testcase>
  <testcase name="testFormalizeSUBSUPIOBJ_IOBJIOBJ" time="0.44"></testcase>
  <testcase name="testUnFormalizeSimpleAssocOBJ_OBJ" time="0.441"></testcase>
  <testcase name="testUnFormalizeSimpleAssocOBJ_IOBJ" time="0.24"></testcase>
  <testcase name="testUnFormalizeSimpleAssocReflexiveOBJ" time="0.321"></testcase>
  <testcase name="testUnFormalizeSimpleAssocIOBJ_OBJ" time="0.18"></testcase>
  <testcase name="testUnFormalizeSimpleAssocIOBJ_IOBJ" time="0.31"></testcase>
  <testcase name="testUnFormalizeSimpleAssocReflexiveIOBJ" time="0.151"></testcase>
  <testcase name="testUnFormalizeASSROBJ_OBJOBJ" time="0.41"></testcase>
  <testcase name="testUnFormalizeASSROBJ_IOBJOBJ" time="0.221"></testcase>
  <testcase name="testUnFormalizeASSROBJ_IOBJIOBJ" time="0.38"></testcase>
  <testcase name="testUnFormalizeASSRReflexiveOBJ_OBJ" time="0.2"></testcase>
  <testcase name="testUnFormalizeASSRReflexiveOBJ_IOBJ" time="0.361"></testcase>
  <testcase name="testUnFormalizeASSRIOBJ_OBJOBJ" time="0.2"></testcase>
  <testcase name="testUnFormalizeASSRIOBJ_OBJIOBJ" time="0.361"></testcase>
  <testcase name="testUnFormalizeASSRIOBJ_IOBJIOBJ" time="0.18"></testcase>
  <testcase name="testUnFormalizeASSRReflexiveIOBJ_OBJ" time="0.36"></testcase>
  <testcase name="testUnFormalizeASSRReflexiveIOBJ_IOBJ" time="0.351"></testcase>
  <testcase name="testUnFormalizeSUBSUPOBJ_OBJOBJ" time="0.21"></testcase>
  <testcase name="testUnFormalizeSUBSUPOBJ_IOBJOBJ" time="0.341"></testcase>
  <testcase name="testUnFormalizeSUBSUPOBJ_IOBJ_IOBJ" time="0.17"></testcase>
  <testcase name="testUnFormalizeSUBSUPIOBJ_OBJOBJ" time="0.321"></testcase>
  <testcase name="testUnFormalizeSUBSUPIOBJ_OBJIOBJ" time="0.18"></testcase>
  <testcase name="testUnFormalizeSUBSUPIOBJ_IOBJIOBJ" time="0.32"></testcase>
  <testcase name="testUnformalizeSimpleAssocUsedRefOBJ_OBJ" time="0.231"></testcase>
  <testcase name="testUnformalizeSimpleAssocUsedRefOBJ_IOBJ" time="0.34"></testcase>
  <testcase name="testUnformalizeSimpleAssocReflexiveUsedRefOBJ_OBJ" time="0.18"></testcase>
  <testcase name="testUnformalizeSimpleAssocUsedRefIOBJ_OBJ" time="0.331"></testcase>
  <testcase name="testUnformalizeSimpleAssocUsedRefIOBJ_IOBJ" time="0.17"></testcase>
  <testcase name="testUnformalizeSimpleAssocReflexiveUsedRefIOBJ" time="0.341"></testcase>
  <testcase name="testUnformalizeASSROBJ_OBJOBJUsedRef" time="0.36"></testcase>
  <testcase name="testUnformalizeASSROBJ_OBJIOBJUsedRef" time="0.441"></testcase>
  <testcase name="testUnformalizeASSROBJ_IOBJIOBJUsedRef" time="0.44"></testcase>
  <testcase name="testUnformalizeASSRReflexiveOBJ_OBJUsedRef" time="0.281"></testcase>
  <testcase name="testUnformalizeASSRReflexiveOBJ_IOBJUsedRef" time="0.44"></testcase>
  <testcase name="testUnformalizeASSRIOBJ_OBJOBJUsedRef" time="0.431"></testcase>
  <testcase name="testUnformalizeASSRIOBJ_IOBJOBJUsedRef" time="0.451"></testcase>
  <testcase name="testUnformalizeASSRIOBJ_IOBJIOBJUsedRef" time="0.44"></testcase>
  <testcase name="testUnformalizeASSRReflexiveIOBJ_OBJUsedRef" time="0.271"></testcase>
  <testcase name="testUnformalizeASSRReflexiveIOBJ_IOBJUsedRef" time="0.43"></testcase>
  <testcase name="testUnformalizeSUBSUPUsedRefOBJ_OBJOBJ" time="0.481"></testcase>
  <testcase name="testUnformalizeSUBSUPUsedRefOBJ_IOBJOBJ" time="0.411"></testcase>
  <testcase name="testUnformalizeSUBSUPUsedRefOBJ_IOBJIOBJ" time="0.39"></testcase>
  <testcase name="testUnformalizeSUBSUPUsedRefIOBJ_OBJOBJ" time="0.231"></testcase>
  <testcase name="testUnformalizeSUBSUPUsedRefIOBJ_OBJIOBJ" time="0.39"></testcase>
  <testcase name="testUnformalizeSUBSUPUsedRefIOBJ_IOBJIOBJ" time="0.391"></testcase>
  <testcase name="testFormalizeASSROBJ_OBJOBJSpecial" time="0.711"></testcase>
  <testcase name="testFormalizeASSROBJ_IOBJOBJSpecial" time="0.621"></testcase>
  <testcase name="testFormalizeASSROBJ_IOBJIOBJSpecial" time="0.49"></testcase>
  <testcase name="testFormalizeASSRReflexiveOBJ_OBJSpecial" time="0.571"></testcase>
  <testcase name="testFormalizeASSRReflexiveOBJ_IOBJSpecial" time="0.611"></testcase>
  <testcase name="testFormalizeASSRIOBJ_OBJOBJSpecial" time="0.561"></testcase>
  <testcase name="testFormalizeASSRIOBJ_OBJIOBJSpecial" time="0.571"></testcase>
  <testcase name="testFormalizeASSRIOBJ_IOBJIOBJSpecial" time="0.561"></testcase>
  <testcase name="testFormalizeASSRReflexiveIOBJ_OBJSpecial" time="0.59"></testcase>
  <testcase name="testFormalizeASSRReflexiveIOBJ_IOBJSpecial" time="0.561"></testcase>
  <testcase name="testFormalizeSUBSUPOBJ_OBJOBJSpecial" time="0.701"></testcase>
  <testcase name="testFormalizeSUBSUPOBJ_IOBJOBJSpecial" time="0.571"></testcase>
  <testcase name="testFormalizeSUBSUPOBJ_IOBJ_IOBJSpecial" time="0.571"></testcase>
  <testcase name="testFormalizeSUBSUPIOBJ_OBJOBJSpecial" time="0.581"></testcase>
  <testcase name="testFormalizeSUBSUPIOBJ_OBJIOBJSpecial" time="0.571"></testcase>
  <testcase name="testFormalizeSUBSUPIOBJ_IOBJIOBJSpecial" time="0.57"></testcase>
  <testcase name="testUnFormalizeASSROBJ_OBJOBJSpecial" time="0.531"></testcase>
  <testcase name="testUnFormalizeASSROBJ_IOBJOBJSpecial" time="0.461"></testcase>
  <testcase name="testUnFormalizeASSROBJ_IOBJIOBJSpecial" time="0.441"></testcase>
  <testcase name="testUnFormalizeASSRReflexiveOBJ_OBJSpecial" time="0.41"></testcase>
  <testcase name="testUnFormalizeASSRReflexiveOBJ_IOBJSpecial" time="0.391"></testcase>
  <testcase name="testUnFormalizeASSRIOBJ_OBJOBJSpecial" time="0.4"></testcase>
  <testcase name="testUnFormalizeASSRIOBJ_OBJIOBJSpecial" time="0.391"></testcase>
  <testcase name="testUnFormalizeASSRIOBJ_IOBJIOBJSpecial" time="0.39"></testcase>
  <testcase name="testUnFormalizeASSRReflexiveIOBJ_OBJSpecial" time="0.391"></testcase>
  <testcase name="testUnFormalizeASSRReflexiveIOBJ_IOBJSpecial" time="0.391"></testcase>
  <testcase name="testUnFormalizeSUBSUPOBJ_OBJOBJSpecial" time="0.48"></testcase>
  <testcase name="testUnFormalizeSUBSUPOBJ_IOBJOBJSpecial" time="0.421"></testcase>
  <testcase name="testUnFormalizeSUBSUPOBJ_IOBJ_IOBJSpecial" time="0.39"></testcase>
  <testcase name="testUnFormalizeSUBSUPIOBJ_OBJOBJSpecial" time="0.391"></testcase>
  <testcase name="testUnFormalizeSUBSUPIOBJ_OBJIOBJSpecial" time="0.391"></testcase>
  <testcase name="testUnFormalizeSUBSUPIOBJ_IOBJIOBJSpecial" time="0.38"></testcase>
  <testcase name="testFormalizeActionFilter" time="0.03"></testcase>
  <testcase name="testAssignClassWithOneSubsystem" time="0.231"></testcase>
  <testcase name="testAssignClass" time="0.53"></testcase>
  <testcase name="testMoveUpOneAttribute" time="0.241"></testcase>
  <testcase name="testMoveWithTwoAttributes" time="0.711"></testcase>
  <testcase name="testMoveWithThreeAttributes" time="0.43"></testcase>
  <testcase name="testBaseAttributeToDerived" time="0.151"></testcase>
  <testcase name="testDerivedAttributeToBase" time="0.32"></testcase>
  <testcase name="testAddToIdentifier" time="0.591"></testcase>
  <testcase name="testRemoveFromIdentifier" time="0.751"></testcase>
  <testcase name="testAddToIdentifierReferencedSimple" time="0.591"></testcase>
  <testcase name="testAddToIdentifierReferencedAssoc" time="1.392"></testcase>
  <testcase name="testAddToIdentifierReferencedInher" time="0.701"></testcase>
  <testcase name="testFormalizeAfterMoveDown" time="0.16"></testcase>
  <testcase name="testFormalizeAfterMoveUp" time="0.331"></testcase>
  <testcase name="testMoveDownOneAttribute" time="0.01"></testcase>
  <testcase name="testAssignEventToTransition" time="0.56"></testcase>
  <testcase name="testRemoveEventFromTransition" time="0.301"></testcase>
  <testcase name="testContextMenuFilterNoEventAssigned" time="0.01"></testcase>
  <testcase name="testContextMenuFilterEventAssigned" time="0.01"></testcase>
  <testcase name="testContextMenuFilterNoEvents" time="0.01"></testcase>
  <testcase name="testIgnoreEvtMenuItemTest" time="0.19"></testcase>
  <testcase name="testCHEvtMenuItemTest" time="0.01"></testcase>
  <testcase name="testCHEvtIgnoreEvtMenuItemTest" time="0.0"></testcase>
  <testcase name="testMarkAsCHEvt" time="0.12"></testcase>
  <testcase name="testMarkAsIgnoreEvt" time="0.111"></testcase>
  <testcase name="testMarkAsIgnoreEvtOnEvent" time="0.1"></testcase>
  <testcase name="testMarkAsCHEvtOnEvent" time="0.09"></testcase>
  <testcase name="testAddRemoveDataItemsNoDataItemsMenuTest" time="0.22"></testcase>
  <testcase name="testAddMenuTest" time="0.01"></testcase>
  <testcase name="testAddRemoveMenuTest" time="0.0"></testcase>
  <testcase name="testRemoveMenuTest" time="0.0"></testcase>
  <testcase name="testAddDataItem" time="0.04"></testcase>
  <testcase name="testRemoveDataItem" time="0.04"></testcase>
  <testcase name="testSameDataRuleViolation" time="0.01"></testcase>
  <system-out><![CDATA[]]></system-out>
  <system-err><![CDATA[]]></system-err>
</testsuite>
