<?xml version="1.0" encoding="UTF-8" ?>
<testsuite name="UITextSuite" tests="106" failures="0" errors="0" time="10.337">
  <properties>
[...]
</properties>
  <testcase name="testOpenDomainDescription" time="3.81"></testcase>
  <testcase name="testOpenSubsystemDescription" time="0.079"></testcase>
  <testcase name="testOpenExternalEntityDescription" time="0.11"></testcase>
  <testcase name="testOpenExternalEntityDataItemDescription" time="0.0"></testcase>
  <testcase name="testOpenExternalEntityEventDescription" time="0.095"></testcase>
  <testcase name="testOpenExternalEntityEventDataItemDescription" time="0.064"></testcase>
  <testcase name="testOpenUserDataTypeDescription" time="0.158"></testcase>
  <testcase name="testOpenEnumerationDataTypeDescription" time="0.094"></testcase>
  <testcase name="testOpenBridgeDescription" time="0.079"></testcase>
  <testcase name="testOpenEnumeratorDescription" time="0.111"></testcase>
  <testcase name="testOpenFunctionDescription" time="0.127"></testcase>
  <testcase name="testOpenAssociationDescription" time="0.11"></testcase>
  <testcase name="testOpenOperationDescription" time="0.095"></testcase>
  <testcase name="testOpenAttributeDescription" time="0.111"></testcase>
  <testcase name="testOpenModelClassDescription" time="0.11"></testcase>
  <testcase name="testOpenAttributeReferenceinClassDescription" time="0.143"></testcase>
  <testcase name="testOpenInstanceStateMachineDescription" time="0.11"></testcase>
  <testcase name="testOpenInstanceStateMachineEventDescription" time="0.127"></testcase>
  <testcase name="testOpenInstanceEventIgnoredDescription" time="0.11"></testcase>
  <testcase name="testOpenInstanceCantHappenDescription" time="0.111"></testcase>
  <testcase name="testOpenInstanceActionDescription" time="0.126"></testcase>
  <testcase name="testOpenInstanceStateMachineEventDataItemDescription" time="0.111"></testcase>
  <testcase name="testOpenClassStateMachineDescription" time="0.158"></testcase>
  <testcase name="testOpenClassStateMachineEventDescription" time="0.111"></testcase>
  <testcase name="testOpenClassEventIgnoredDescription" time="0.173"></testcase>
  <testcase name="testOpenClassCantHappenDescription" time="0.111"></testcase>
  <testcase name="testOpenClassActionDescription" time="0.19"></testcase>
  <testcase name="testOpenClassStateMachineEventDataItemDescription" time="0.11"></testcase>
  <testcase name="testCloseDomainDescription" time="0.032"></testcase>
  <testcase name="testCloseSubsystemDescription" time="0.032"></testcase>
  <testcase name="testCloseExternalEntityDescription" time="0.015"></testcase>
  <testcase name="testCloseExternalEntityDataItemDescription" time="0.0"></testcase>
  <testcase name="testCloseExternalEntityEventDescription" time="0.016"></testcase>
  <testcase name="testCloseExternalEntityEventDataItemDescription" time="0.016"></testcase>
  <testcase name="testCloseUserDataTypeDescription" time="0.032"></testcase>
  <testcase name="testCloseEnumerationDataTypeDescription" time="0.047"></testcase>
  <testcase name="testCloseBridgeDescription" time="0.032"></testcase>
  <testcase name="testCloseEnumeratorDescription" time="0.015"></testcase>
  <testcase name="testCloseFunctionDescription" time="0.016"></testcase>
  <testcase name="testCloseAssociationDescription" time="0.032"></testcase>
  <testcase name="testCloseOperationDescription" time="0.016"></testcase>
  <testcase name="testCloseAttributeDescription" time="0.047"></testcase>
  <testcase name="testCloseModelClassDescription" time="0.016"></testcase>
  <testcase name="testCloseAttributeReferenceinClassDescription" time="0.032"></testcase>
  <testcase name="testCloseInstanceStateMachineDescription" time="0.015"></testcase>
  <testcase name="testCloseInstanceStateMachineEventDescription" time="0.111"></testcase>
  <testcase name="testCloseInstanceEventIgnoredDescription" time="0.032"></testcase>
  <testcase name="testCloseInstanceCantHappenDescription" time="0.0"></testcase>
  <testcase name="testCloseInstanceActionDescription" time="0.015"></testcase>
  <testcase name="testCloseInstanceStateMachineEventDataItemDescription" time="0.016"></testcase>
  <testcase name="testCloseClassStateMachineDescription" time="0.0"></testcase>
  <testcase name="testCloseClassStateMachineEventDescription" time="0.0"></testcase>
  <testcase name="testCloseClassEventIgnoredDescription" time="0.016"></testcase>
  <testcase name="testCloseClassCantHappenDescription" time="0.016"></testcase>
  <testcase name="testCloseClassActionDescription" time="0.015"></testcase>
  <testcase name="testCloseClassStateMachineEventDataItemDescription" time="0.016"></testcase>
  <testcase name="testDirtyFlag" time="0.38"></testcase>
  <testcase name="testUndo" time="0.015"></testcase>
  <testcase name="testRevert" time="0.032"></testcase>
  <testcase name="testSave" time="0.047"></testcase>
  <testcase name="testOpenChangedDescription" time="0.079"></testcase>
  <testcase name="testAddBookmark" time="0.048"></testcase>
  <testcase name="testBookmarkHoverText" time="0.079"></testcase>
  <testcase name="testAddTaskMarker" time="0.047"></testcase>
  <testcase name="testMultipleMarkerHoverText" time="0.064"></testcase>
  <testcase name="testDeleteBookmark" time="0.0"></testcase>
  <testcase name="testTaskHoverText" time="0.015"></testcase>
  <testcase name="testDeleteTask" time="0.0"></testcase>
  <testcase name="testOpenBridgeActivity" time="0.143"></testcase>
  <testcase name="testOpenFunctionActivity" time="0.063"></testcase>
  <testcase name="testOpenInstanceOperationActivity" time="0.063"></testcase>
  <testcase name="testOpenClassOperationActivity" time="0.079"></testcase>
  <testcase name="testOpenInstanceActionActivity" time="0.079"></testcase>
  <testcase name="testOpenClassActionActivity" time="0.111"></testcase>
  <testcase name="testCloseBridgeActivity" time="0.0"></testcase>
  <testcase name="testCloseFunctionActivity" time="0.016"></testcase>
  <testcase name="testCloseInstanceOperationActivity" time="0.015"></testcase>
  <testcase name="testCloseClassOperationActivity" time="0.0"></testcase>
  <testcase name="testCloseInstanceActionActivity" time="0.016"></testcase>
  <testcase name="testCloseClassActionActivity" time="0.032"></testcase>
  <testcase name="testDirtyFlag" time="0.11"></testcase>
  <testcase name="testUndo" time="0.0"></testcase>
  <testcase name="testRevert" time="0.016"></testcase>
  <testcase name="testSave" time="0.064"></testcase>
  <testcase name="testOpenChangedDescription" time="0.079"></testcase>
  <testcase name="testAddBookmark" time="0.031"></testcase>
  <testcase name="testBookmarkHoverText" time="0.063"></testcase>
  <testcase name="testAddTaskMarker" time="0.048"></testcase>
  <testcase name="testMultipleMarkerHoverText" time="0.079"></testcase>
  <testcase name="testDeleteBookmark" time="0.0"></testcase>
  <testcase name="testTaskHoverText" time="0.0"></testcase>
  <testcase name="testDeleteTask" time="0.0"></testcase>
  <testcase name="testSyntaxError" time="0.031"></testcase>
  <testcase name="testActivityProblemErrorHoverText" time="0.0"></testcase>
  <testcase name="testSaveWithError" time="0.064"></testcase>
  <testcase name="testGotoError" time="0.174"></testcase>
  <testcase name="testMarkerErrorHoverText" time="0.0"></testcase>
  <testcase name="testRemoveError" time="0.031"></testcase>
  <testcase name="testRevertAfterErrorRemoved" time="0.016"></testcase>
  <testcase name="testSaveAfterErrorRemoved" time="0.032"></testcase>
  <testcase name="testParseBridgeActivity" time="0.094"></testcase>
  <testcase name="testParseFunctionActivity" time="0.064"></testcase>
  <testcase name="testParseInstanceOperationActivity" time="0.094"></testcase>
  <testcase name="testParseClassOperationActivity" time="0.095"></testcase>
  <testcase name="testParseInstanceActionActivity" time="0.095"></testcase>
  <testcase name="testParseClassActionActivity" time="0.079"></testcase>
  <system-out><![CDATA[]]></system-out>
  <system-err><![CDATA[]]></system-err>
</testsuite>
