<?xml version="1.0" encoding="UTF-8" ?>
<testsuite name="IOSqlTestSuite" tests="75" failures="0" errors="0" time="52.625">
  <properties>
[...]
</properties>
  <testcase name="testImportOdmsFNF" time="0.36"></testcase>
  <testcase name="testImportOdmsAccessError" time="0.0"></testcase>
  <testcase name="testImportSyntaxError" time="0.984"></testcase>
  <testcase name="testImportMultDomainError" time="0.0"></testcase>
  <testcase name="testImportOdms" time="1.672"></testcase>
  <testcase name="testExportOdmsWithGraphicsFNF" time="0.016"></testcase>
  <testcase name="testExportOdmsWithGraphicsAccessError" time="0.0"></testcase>
  <testcase name="testExportOdmsWithGraphics" time="0.531"></testcase>
  <testcase name="testExportOdmsWithoutGraphics" time="0.281"></testcase>
  <testcase name="testPartiallyDerivedDomainImportExport" time="0.406"></testcase>
  <testcase name="test_ooaofooa" time="7.235"></testcase>
  <testcase name="test_ooaofgraphics" time="1.64"></testcase>
  <testcase name="test_asc" time="0.344"></testcase>
  <testcase name="test_BP50_evt" time="0.359"></testcase>
  <testcase name="test_BP50_evt2" time="0.422"></testcase>
  <testcase name="test_br1" time="1.25"></testcase>
  <testcase name="test_br2" time="1.531"></testcase>
  <testcase name="test_br1f" time="0.734"></testcase>
  <testcase name="test_br2f" time="1.0"></testcase>
  <testcase name="test_bridges" time="0.485"></testcase>
  <testcase name="test_cl" time="0.281"></testcase>
  <testcase name="test_dogs" time="0.281"></testcase>
  <testcase name="test_enum1" time="0.391"></testcase>
  <testcase name="test_enum2" time="0.312"></testcase>
  <testcase name="test_enum3" time="0.391"></testcase>
  <testcase name="test_enum4" time="0.219"></testcase>
  <testcase name="test_event" time="0.64"></testcase>
  <testcase name="test_G_ALL_G_EVT_LE_precreated" time="0.516"></testcase>
  <testcase name="test_G_ALL_R_BRG_tim" time="1.0"></testcase>
  <testcase name="test_G_ALL_multiple_exit_return" time="0.297"></testcase>
  <testcase name="test_G_ALL_nested_invoke" time="2.265"></testcase>
  <testcase name="test_G_ALL_performance_test1" time="0.188"></testcase>
  <testcase name="test_G_ALL_performance_test2" time="0.187"></testcase>
  <testcase name="test_G_ALL_performance_test3" time="0.235"></testcase>
  <testcase name="test_G_ALL_performance_test4" time="0.281"></testcase>
  <testcase name="test_G_ALL_performance_test5" time="0.187"></testcase>
  <testcase name="test_G_ALL_performance_test6" time="0.172"></testcase>
  <testcase name="test_G_ALL_performance_test7" time="0.625"></testcase>
  <testcase name="test_G_ALL_select_where_enum" time="0.735"></testcase>
  <testcase name="test_G_BRG_G_ALL_interop" time="0.25"></testcase>
  <testcase name="test_G_COP_R_ALL_interop" time="0.265"></testcase>
  <testcase name="test_G_EVT_PE_G_EVT_NLE_nle_ignored" time="0.313"></testcase>
  <testcase name="test_G_IOP_MDA_self_event" time="0.64"></testcase>
  <testcase name="test_G_IOP_R_ALL_interop" time="0.282"></testcase>
  <testcase name="test_G_MDA_R_ALL_interop" time="0.375"></testcase>
  <testcase name="test_G_STE_G_COP_compare_date" time="0.297"></testcase>
  <testcase name="test_G_STE_G_EVT_PE_to_creation" time="0.906"></testcase>
  <testcase name="test_G_STE_G_STE_pe_le_same_state" time="1.406"></testcase>
  <testcase name="test_G_STE_assoc_rel" time="0.875"></testcase>
  <testcase name="test_G_STE_del_inst_mult" time="0.453"></testcase>
  <testcase name="test_im1" time="0.906"></testcase>
  <testcase name="test_im2" time="1.125"></testcase>
  <testcase name="test_im3" time="1.016"></testcase>
  <testcase name="test_im4" time="0.453"></testcase>
  <testcase name="test_ims" time="1.469"></testcase>
  <testcase name="test_ims2" time="0.531"></testcase>
  <testcase name="test_imx" time="0.766"></testcase>
  <testcase name="test_init1" time="0.281"></testcase>
  <testcase name="test_init2" time="0.234"></testcase>
  <testcase name="test_interop_otherdom" time="0.188"></testcase>
  <testcase name="test_memleak" time="0.25"></testcase>
  <testcase name="test_mt1" time="0.516"></testcase>
  <testcase name="test_no_inst" time="0.25"></testcase>
  <testcase name="test_poly" time="1.531"></testcase>
  <testcase name="test_reflexive" time="0.844"></testcase>
  <testcase name="test_select" time="0.296"></testcase>
  <testcase name="test_self" time="0.297"></testcase>
  <testcase name="test_sm" time="1.0"></testcase>
  <testcase name="test_sync" time="0.453"></testcase>
  <testcase name="test_syntax" time="0.875"></testcase>
  <testcase name="test_trans" time="0.485"></testcase>
  <testcase name="test_wim2" time="1.14"></testcase>
  <testcase name="test_wim3" time="0.891"></testcase>
  <testcase name="test_wims" time="1.141"></testcase>
  <testcase name="test_wimx" time="1.125"></testcase>
  <system-out><![CDATA[]]></system-out>
  <system-err><![CDATA[]]></system-err>
</testsuite>
