<?xml version="1.0" encoding="UTF-8"?>
<testrun name="Welcome Test" project="com.mentor.nucleus.bp.welcome.test" tests="10" started="10" failures="2" errors="0" ignored="0">
  <testsuite name="com.mentor.nucleus.bp.welcome.test.WelcomeTestSuite" time="146.272">
    <testsuite name="com.mentor.nucleus.bp.welcome.test.WelcomePageTestGPS" time="59.787">
      <testcase name="testProjectCreation" classname="com.mentor.nucleus.bp.welcome.test.WelcomePageTestGPS" time="17.494"/>
      <testcase name="testNoProjectOverwrite" classname="com.mentor.nucleus.bp.welcome.test.WelcomePageTestGPS" time="2.038"/>
      <testcase name="testProjectOverwrite" classname="com.mentor.nucleus.bp.welcome.test.WelcomePageTestGPS" time="10.462"/>
      <testcase name="testImportLoadPersistAndBuild" classname="com.mentor.nucleus.bp.welcome.test.WelcomePageTestGPS" time="14.811">
        <failure>junit.framework.AssertionFailedError: Failed to build the project. Errors occurred during the build.&#13;
	at junit.framework.Assert.fail(Assert.java:47)&#13;
	at com.mentor.nucleus.bp.welcome.test.WelcomePageTestGPS$3.run(WelcomePageTestGPS.java:350)&#13;
	at com.mentor.nucleus.bp.welcome.test.WelcomePageTestGPS.buildProject(WelcomePageTestGPS.java:354)&#13;
	at com.mentor.nucleus.bp.welcome.test.WelcomePageTestGPS.testImportLoadPersistAndBuild(WelcomePageTestGPS.java:211)&#13;
	at sun.reflect.NativeMethodAccessorImpl.invoke0(Native Method)&#13;
	at sun.reflect.NativeMethodAccessorImpl.invoke(Unknown Source)&#13;
	at sun.reflect.DelegatingMethodAccessorImpl.invoke(Unknown Source)&#13;
	at java.lang.reflect.Method.invoke(Unknown Source)&#13;
	at junit.framework.TestCase.runTest(TestCase.java:168)&#13;
	at junit.framework.TestCase.runBare(TestCase.java:134)&#13;
	at junit.framework.TestResult$1.protect(TestResult.java:110)&#13;
	at junit.framework.TestResult.runProtected(TestResult.java:128)&#13;
	at junit.framework.TestResult.run(TestResult.java:113)&#13;
	at junit.framework.TestCase.run(TestCase.java:124)&#13;
	at junit.framework.TestSuite.runTest(TestSuite.java:243)&#13;
	at junit.framework.TestSuite.run(TestSuite.java:238)&#13;
	at junit.framework.TestSuite.runTest(TestSuite.java:243)&#13;
	at junit.framework.TestSuite.run(TestSuite.java:238)&#13;
	at org.eclipse.jdt.internal.junit.runner.junit3.JUnit3TestReference.run(JUnit3TestReference.java:130)&#13;
	at org.eclipse.jdt.internal.junit.runner.TestExecution.run(TestExecution.java:38)&#13;
	at org.eclipse.jdt.internal.junit.runner.RemoteTestRunner.runTests(RemoteTestRunner.java:467)&#13;
	at org.eclipse.jdt.internal.junit.runner.RemoteTestRunner.runTests(RemoteTestRunner.java:683)&#13;
	at org.eclipse.jdt.internal.junit.runner.RemoteTestRunner.run(RemoteTestRunner.java:390)&#13;
	at org.eclipse.pde.internal.junit.runtime.RemotePluginTestRunner.main(RemotePluginTestRunner.java:62)&#13;
	at org.eclipse.pde.internal.junit.runtime.PlatformUITestHarness$1.run(PlatformUITestHarness.java:47)&#13;
	at org.eclipse.swt.widgets.RunnableLock.run(RunnableLock.java:35)&#13;
	at org.eclipse.swt.widgets.Synchronizer.runAsyncMessages(Synchronizer.java:135)&#13;
	at org.eclipse.swt.widgets.Display.runAsyncMessages(Display.java:4140)&#13;
	at org.eclipse.swt.widgets.Display.readAndDispatch(Display.java:3757)&#13;
	at org.eclipse.ui.internal.Workbench.runEventLoop(Workbench.java:2701)&#13;
	at org.eclipse.ui.internal.Workbench.runUI(Workbench.java:2665)&#13;
	at org.eclipse.ui.internal.Workbench.access$4(Workbench.java:2499)&#13;
	at org.eclipse.ui.internal.Workbench$7.run(Workbench.java:679)&#13;
	at org.eclipse.core.databinding.observable.Realm.runWithDefault(Realm.java:332)&#13;
	at org.eclipse.ui.internal.Workbench.createAndRunWorkbench(Workbench.java:668)&#13;
	at org.eclipse.ui.PlatformUI.createAndRunWorkbench(PlatformUI.java:149)&#13;
	at org.eclipse.ui.internal.ide.application.IDEApplication.start(IDEApplication.java:123)&#13;
	at org.eclipse.pde.internal.junit.runtime.NonUIThreadTestApplication.runApp(NonUIThreadTestApplication.java:54)&#13;
	at org.eclipse.pde.internal.junit.runtime.UITestApplication.runApp(UITestApplication.java:41)&#13;
	at org.eclipse.pde.internal.junit.runtime.NonUIThreadTestApplication.start(NonUIThreadTestApplication.java:48)&#13;
	at org.eclipse.equinox.internal.app.EclipseAppHandle.run(EclipseAppHandle.java:196)&#13;
	at org.eclipse.core.runtime.internal.adaptor.EclipseAppLauncher.runApplication(EclipseAppLauncher.java:110)&#13;
	at org.eclipse.core.runtime.internal.adaptor.EclipseAppLauncher.start(EclipseAppLauncher.java:79)&#13;
	at org.eclipse.core.runtime.adaptor.EclipseStarter.run(EclipseStarter.java:344)&#13;
	at org.eclipse.core.runtime.adaptor.EclipseStarter.run(EclipseStarter.java:179)&#13;
	at sun.reflect.NativeMethodAccessorImpl.invoke0(Native Method)&#13;
	at sun.reflect.NativeMethodAccessorImpl.invoke(Unknown Source)&#13;
	at sun.reflect.DelegatingMethodAccessorImpl.invoke(Unknown Source)&#13;
	at java.lang.reflect.Method.invoke(Unknown Source)&#13;
	at org.eclipse.equinox.launcher.Main.invokeFramework(Main.java:622)&#13;
	at org.eclipse.equinox.launcher.Main.basicRun(Main.java:577)&#13;
	at org.eclipse.equinox.launcher.Main.run(Main.java:1410)&#13;
	at org.eclipse.equinox.launcher.Main.main(Main.java:1386)&#13;
&#13;
</failure>
      </testcase>
      <testcase name="testSmartPreBuild" classname="com.mentor.nucleus.bp.welcome.test.WelcomePageTestGPS" time="14.982">
        <failure>junit.framework.AssertionFailedError: Failed to build the project. Errors occurred during the build.&#13;
	at junit.framework.Assert.fail(Assert.java:47)&#13;
	at com.mentor.nucleus.bp.welcome.test.WelcomePageTestGPS$3.run(WelcomePageTestGPS.java:350)&#13;
	at com.mentor.nucleus.bp.welcome.test.WelcomePageTestGPS.buildProject(WelcomePageTestGPS.java:354)&#13;
	at com.mentor.nucleus.bp.welcome.test.WelcomePageTestGPS.testSmartPreBuild(WelcomePageTestGPS.java:242)&#13;
	at sun.reflect.NativeMethodAccessorImpl.invoke0(Native Method)&#13;
	at sun.reflect.NativeMethodAccessorImpl.invoke(Unknown Source)&#13;
	at sun.reflect.DelegatingMethodAccessorImpl.invoke(Unknown Source)&#13;
	at java.lang.reflect.Method.invoke(Unknown Source)&#13;
	at junit.framework.TestCase.runTest(TestCase.java:168)&#13;
	at junit.framework.TestCase.runBare(TestCase.java:134)&#13;
	at junit.framework.TestResult$1.protect(TestResult.java:110)&#13;
	at junit.framework.TestResult.runProtected(TestResult.java:128)&#13;
	at junit.framework.TestResult.run(TestResult.java:113)&#13;
	at junit.framework.TestCase.run(TestCase.java:124)&#13;
	at junit.framework.TestSuite.runTest(TestSuite.java:243)&#13;
	at junit.framework.TestSuite.run(TestSuite.java:238)&#13;
	at junit.framework.TestSuite.runTest(TestSuite.java:243)&#13;
	at junit.framework.TestSuite.run(TestSuite.java:238)&#13;
	at org.eclipse.jdt.internal.junit.runner.junit3.JUnit3TestReference.run(JUnit3TestReference.java:130)&#13;
	at org.eclipse.jdt.internal.junit.runner.TestExecution.run(TestExecution.java:38)&#13;
	at org.eclipse.jdt.internal.junit.runner.RemoteTestRunner.runTests(RemoteTestRunner.java:467)&#13;
	at org.eclipse.jdt.internal.junit.runner.RemoteTestRunner.runTests(RemoteTestRunner.java:683)&#13;
	at org.eclipse.jdt.internal.junit.runner.RemoteTestRunner.run(RemoteTestRunner.java:390)&#13;
	at org.eclipse.pde.internal.junit.runtime.RemotePluginTestRunner.main(RemotePluginTestRunner.java:62)&#13;
	at org.eclipse.pde.internal.junit.runtime.PlatformUITestHarness$1.run(PlatformUITestHarness.java:47)&#13;
	at org.eclipse.swt.widgets.RunnableLock.run(RunnableLock.java:35)&#13;
	at org.eclipse.swt.widgets.Synchronizer.runAsyncMessages(Synchronizer.java:135)&#13;
	at org.eclipse.swt.widgets.Display.runAsyncMessages(Display.java:4140)&#13;
	at org.eclipse.swt.widgets.Display.readAndDispatch(Display.java:3757)&#13;
	at org.eclipse.ui.internal.Workbench.runEventLoop(Workbench.java:2701)&#13;
	at org.eclipse.ui.internal.Workbench.runUI(Workbench.java:2665)&#13;
	at org.eclipse.ui.internal.Workbench.access$4(Workbench.java:2499)&#13;
	at org.eclipse.ui.internal.Workbench$7.run(Workbench.java:679)&#13;
	at org.eclipse.core.databinding.observable.Realm.runWithDefault(Realm.java:332)&#13;
	at org.eclipse.ui.internal.Workbench.createAndRunWorkbench(Workbench.java:668)&#13;
	at org.eclipse.ui.PlatformUI.createAndRunWorkbench(PlatformUI.java:149)&#13;
	at org.eclipse.ui.internal.ide.application.IDEApplication.start(IDEApplication.java:123)&#13;
	at org.eclipse.pde.internal.junit.runtime.NonUIThreadTestApplication.runApp(NonUIThreadTestApplication.java:54)&#13;
	at org.eclipse.pde.internal.junit.runtime.UITestApplication.runApp(UITestApplication.java:41)&#13;
	at org.eclipse.pde.internal.junit.runtime.NonUIThreadTestApplication.start(NonUIThreadTestApplication.java:48)&#13;
	at org.eclipse.equinox.internal.app.EclipseAppHandle.run(EclipseAppHandle.java:196)&#13;
	at org.eclipse.core.runtime.internal.adaptor.EclipseAppLauncher.runApplication(EclipseAppLauncher.java:110)&#13;
	at org.eclipse.core.runtime.internal.adaptor.EclipseAppLauncher.start(EclipseAppLauncher.java:79)&#13;
	at org.eclipse.core.runtime.adaptor.EclipseStarter.run(EclipseStarter.java:344)&#13;
	at org.eclipse.core.runtime.adaptor.EclipseStarter.run(EclipseStarter.java:179)&#13;
	at sun.reflect.NativeMethodAccessorImpl.invoke0(Native Method)&#13;
	at sun.reflect.NativeMethodAccessorImpl.invoke(Unknown Source)&#13;
	at sun.reflect.DelegatingMethodAccessorImpl.invoke(Unknown Source)&#13;
	at java.lang.reflect.Method.invoke(Unknown Source)&#13;
	at org.eclipse.equinox.launcher.Main.invokeFramework(Main.java:622)&#13;
	at org.eclipse.equinox.launcher.Main.basicRun(Main.java:577)&#13;
	at org.eclipse.equinox.launcher.Main.run(Main.java:1410)&#13;
	at org.eclipse.equinox.launcher.Main.main(Main.java:1386)&#13;
&#13;
</failure>
      </testcase>
    </testsuite>
    <testsuite name="com.mentor.nucleus.bp.welcome.test.WelcomePageTest" time="6.024">
      <testcase name="testProjectCreation" classname="com.mentor.nucleus.bp.welcome.test.WelcomePageTest" time="6.024"/>
    </testsuite>
    <testsuite name="com.mentor.nucleus.bp.welcome.test.WelcomePageTestMetamodel" time="80.461">
      <testcase name="testProjectCreation" classname="com.mentor.nucleus.bp.welcome.test.WelcomePageTestMetamodel" time="22.427"/>
      <testcase name="testNoProjectOverwrite" classname="com.mentor.nucleus.bp.welcome.test.WelcomePageTestMetamodel" time="2.023"/>
      <testcase name="testProjectOverwrite" classname="com.mentor.nucleus.bp.welcome.test.WelcomePageTestMetamodel" time="24.149"/>
      <testcase name="testImportLoadPersist" classname="com.mentor.nucleus.bp.welcome.test.WelcomePageTestMetamodel" time="31.862"/>
    </testsuite>
  </testsuite>
</testrun>
