<?xml version="1.0" encoding="UTF-8" ?>
<testsuite name="IOMdlTestSuite" tests="83" failures="0" errors="0" time="84.832">
  <properties>
[...]
</properties>
  <testcase name="testCreateNestedDTP" time="1.932"></testcase>
  <testcase name="testCreateNestedFP" time="0.331"></testcase>
  <testcase name="testCreateNestedEEP" time="0.35"></testcase>
  <testcase name="testCreateNestedSS" time="0.531"></testcase>
  <testcase name="test_nested_test" time="0.571"></testcase>
  <testcase name="test_odms" time="1.062"></testcase>
  <testcase name="test_ooaofooa" time="8.882"></testcase>
  <testcase name="test_ooaofgraphics" time="1.763"></testcase>
  <testcase name="test_asc" time="0.37"></testcase>
  <testcase name="test_BP50_evt" time="0.471"></testcase>
  <testcase name="test_BP50_evt2" time="0.461"></testcase>
  <testcase name="test_br1" time="2.033"></testcase>
  <testcase name="test_br2" time="2.513"></testcase>
  <testcase name="test_br1f" time="1.282"></testcase>
  <testcase name="test_br2f" time="1.162"></testcase>
  <testcase name="test_bridges" time="0.951"></testcase>
  <testcase name="test_cl" time="0.451"></testcase>
  <testcase name="test_dogs" time="0.701"></testcase>
  <testcase name="test_enum1" time="0.831"></testcase>
  <testcase name="test_enum2" time="0.811"></testcase>
  <testcase name="test_enum3" time="0.831"></testcase>
  <testcase name="test_enum4" time="0.541"></testcase>
  <testcase name="test_event" time="1.242"></testcase>
  <testcase name="test_ex1" time="3.245"></testcase>
  <testcase name="test_ex2" time="1.211"></testcase>
  <testcase name="test_ex3" time="0.611"></testcase>
  <testcase name="test_G_ALL_G_EVT_LE_precreated" time="0.912"></testcase>
  <testcase name="test_G_ALL_R_BRG_tim" time="1.542"></testcase>
  <testcase name="test_G_ALL_multiple_exit_return" time="0.711"></testcase>
  <testcase name="test_G_ALL_nested_invoke" time="2.503"></testcase>
  <testcase name="test_G_ALL_performance_test1" time="0.241"></testcase>
  <testcase name="test_G_ALL_performance_test2" time="0.29"></testcase>
  <testcase name="test_G_ALL_performance_test3" time="0.451"></testcase>
  <testcase name="test_G_ALL_performance_test4" time="0.37"></testcase>
  <testcase name="test_G_ALL_performance_test5" time="0.361"></testcase>
  <testcase name="test_G_ALL_performance_test6" time="0.33"></testcase>
  <testcase name="test_G_ALL_performance_test7" time="0.311"></testcase>
  <testcase name="test_G_ALL_select_where_enum" time="1.061"></testcase>
  <testcase name="test_G_BRG_G_ALL_interop" time="0.581"></testcase>
  <testcase name="test_G_COP_R_ALL_interop" time="0.571"></testcase>
  <testcase name="test_G_EVT_PE_G_EVT_NLE_nle_ignored" time="0.771"></testcase>
  <testcase name="test_G_IOP_MDA_self_event" time="1.092"></testcase>
  <testcase name="test_G_IOP_R_ALL_interop" time="0.54"></testcase>
  <testcase name="test_G_MDA_R_ALL_interop" time="0.491"></testcase>
  <testcase name="test_G_STE_G_COP_compare_date" time="0.571"></testcase>
  <testcase name="test_G_STE_G_EVT_PE_to_creation" time="1.522"></testcase>
  <testcase name="test_G_STE_G_STE_pe_le_same_state" time="1.492"></testcase>
  <testcase name="test_G_STE_assoc_rel" time="1.372"></testcase>
  <testcase name="test_G_STE_del_inst_mult" time="0.821"></testcase>
  <testcase name="test_im1" time="1.432"></testcase>
  <testcase name="test_im2" time="1.593"></testcase>
  <testcase name="test_im3" time="1.782"></testcase>
  <testcase name="test_im4" time="0.781"></testcase>
  <testcase name="test_ims" time="1.623"></testcase>
  <testcase name="test_ims2" time="1.011"></testcase>
  <testcase name="test_imx" time="1.312"></testcase>
  <testcase name="test_init1" time="0.491"></testcase>
  <testcase name="test_init2" time="0.621"></testcase>
  <testcase name="test_interop_otherdom" time="0.3"></testcase>
  <testcase name="test_memleak" time="0.781"></testcase>
  <testcase name="test_mt1" time="0.952"></testcase>
  <testcase name="test_no_inst" time="0.52"></testcase>
  <testcase name="test_poly" time="2.814"></testcase>
  <testcase name="test_reflexive" time="1.112"></testcase>
  <testcase name="test_select" time="0.661"></testcase>
  <testcase name="test_self" time="0.661"></testcase>
  <testcase name="test_sm" time="1.752"></testcase>
  <testcase name="test_sync" time="0.772"></testcase>
  <testcase name="test_syntax" time="1.522"></testcase>
  <testcase name="test_trans" time="0.931"></testcase>
  <testcase name="test_wim2" time="2.193"></testcase>
  <testcase name="test_wim3" time="1.092"></testcase>
  <testcase name="test_wims" time="1.612"></testcase>
  <testcase name="test_wimx" time="1.182"></testcase>
  <testcase name="testImportSyntaxError" time="0.01"></testcase>
  <testcase name="testImportMultDomainError" time="0.01"></testcase>
  <testcase name="testImportOdmsFNF" time="0.0"></testcase>
  <testcase name="testImportOdmsAccessError" time="0.0"></testcase>
  <testcase name="testExportOdmsWithGraphicsFNF" time="0.0"></testcase>
  <testcase name="testExportOdmsWithGraphicsAccessError" time="0.01"></testcase>
  <testcase name="testImportOdms" time="0.441"></testcase>
  <testcase name="testExportOdmsWithGraphics" time="0.37"></testcase>
  <testcase name="testExportOdmsWithoutGraphics" time="0.421"></testcase>
  <system-out><![CDATA[]]></system-out>
  <system-err><![CDATA[]]></system-err>
</testsuite>
