<?xml version="1.0" encoding="UTF-8" ?>
<testsuite name="IOSqlTestSuite" tests="75" failures="0" errors="0" time="39.798">
  <properties>
[...]
</properties>
  <testcase name="testImportOdmsFNF" time="0.03"></testcase>
  <testcase name="testImportOdmsAccessError" time="0.0"></testcase>
  <testcase name="testImportSyntaxError" time="0.772"></testcase>
  <testcase name="testImportMultDomainError" time="0.0"></testcase>
  <testcase name="testImportOdms" time="1.121"></testcase>
  <testcase name="testExportOdmsWithGraphicsFNF" time="0.01"></testcase>
  <testcase name="testExportOdmsWithGraphicsAccessError" time="0.0"></testcase>
  <testcase name="testExportOdmsWithGraphics" time="0.611"></testcase>
  <testcase name="testExportOdmsWithoutGraphics" time="0.321"></testcase>
  <testcase name="testPartiallyDerivedDomainImportExport" time="0.39"></testcase>
  <testcase name="test_ooaofooa" time="5.909"></testcase>
  <testcase name="test_ooaofgraphics" time="0.841"></testcase>
  <testcase name="test_asc" time="0.22"></testcase>
  <testcase name="test_BP50_evt" time="0.19"></testcase>
  <testcase name="test_BP50_evt2" time="0.191"></testcase>
  <testcase name="test_br1" time="0.901"></testcase>
  <testcase name="test_br2" time="1.051"></testcase>
  <testcase name="test_br1f" time="0.892"></testcase>
  <testcase name="test_br2f" time="0.541"></testcase>
  <testcase name="test_bridges" time="0.39"></testcase>
  <testcase name="test_cl" time="0.21"></testcase>
  <testcase name="test_dogs" time="0.211"></testcase>
  <testcase name="test_enum1" time="0.32"></testcase>
  <testcase name="test_enum2" time="0.261"></testcase>
  <testcase name="test_enum3" time="0.33"></testcase>
  <testcase name="test_enum4" time="0.21"></testcase>
  <testcase name="test_event" time="0.531"></testcase>
  <testcase name="test_G_ALL_G_EVT_LE_precreated" time="0.401"></testcase>
  <testcase name="test_G_ALL_R_BRG_tim" time="0.801"></testcase>
  <testcase name="test_G_ALL_multiple_exit_return" time="0.2"></testcase>
  <testcase name="test_G_ALL_nested_invoke" time="1.943"></testcase>
  <testcase name="test_G_ALL_performance_test1" time="0.09"></testcase>
  <testcase name="test_G_ALL_performance_test2" time="0.1"></testcase>
  <testcase name="test_G_ALL_performance_test3" time="0.19"></testcase>
  <testcase name="test_G_ALL_performance_test4" time="0.181"></testcase>
  <testcase name="test_G_ALL_performance_test5" time="0.16"></testcase>
  <testcase name="test_G_ALL_performance_test6" time="0.22"></testcase>
  <testcase name="test_G_ALL_performance_test7" time="0.261"></testcase>
  <testcase name="test_G_ALL_select_where_enum" time="0.701"></testcase>
  <testcase name="test_G_BRG_G_ALL_interop" time="0.19"></testcase>
  <testcase name="test_G_COP_R_ALL_interop" time="0.21"></testcase>
  <testcase name="test_G_EVT_PE_G_EVT_NLE_nle_ignored" time="0.321"></testcase>
  <testcase name="test_G_IOP_MDA_self_event" time="0.49"></testcase>
  <testcase name="test_G_IOP_R_ALL_interop" time="0.231"></testcase>
  <testcase name="test_G_MDA_R_ALL_interop" time="0.22"></testcase>
  <testcase name="test_G_STE_G_COP_compare_date" time="0.17"></testcase>
  <testcase name="test_G_STE_G_EVT_PE_to_creation" time="0.571"></testcase>
  <testcase name="test_G_STE_G_STE_pe_le_same_state" time="0.741"></testcase>
  <testcase name="test_G_STE_assoc_rel" time="0.681"></testcase>
  <testcase name="test_G_STE_del_inst_mult" time="0.261"></testcase>
  <testcase name="test_im1" time="0.68"></testcase>
  <testcase name="test_im2" time="1.192"></testcase>
  <testcase name="test_im3" time="0.791"></testcase>
  <testcase name="test_im4" time="0.381"></testcase>
  <testcase name="test_ims" time="0.811"></testcase>
  <testcase name="test_ims2" time="0.441"></testcase>
  <testcase name="test_imx" time="0.601"></testcase>
  <testcase name="test_init1" time="0.18"></testcase>
  <testcase name="test_init2" time="0.2"></testcase>
  <testcase name="test_interop_otherdom" time="0.1"></testcase>
  <testcase name="test_memleak" time="0.221"></testcase>
  <testcase name="test_mt1" time="0.41"></testcase>
  <testcase name="test_no_inst" time="0.22"></testcase>
  <testcase name="test_poly" time="1.433"></testcase>
  <testcase name="test_reflexive" time="0.44"></testcase>
  <testcase name="test_select" time="0.321"></testcase>
  <testcase name="test_self" time="0.24"></testcase>
  <testcase name="test_sm" time="0.771"></testcase>
  <testcase name="test_sync" time="0.311"></testcase>
  <testcase name="test_syntax" time="0.711"></testcase>
  <testcase name="test_trans" time="0.42"></testcase>
  <testcase name="test_wim2" time="0.811"></testcase>
  <testcase name="test_wim3" time="0.511"></testcase>
  <testcase name="test_wims" time="0.871"></testcase>
  <testcase name="test_wimx" time="0.942"></testcase>
  <system-out><![CDATA[]]></system-out>
  <system-err><![CDATA[]]></system-err>
</testsuite>
